500 6 RED BLUE 258 1 MCTS 242 1 MCTS
500 6 RED RED 256 2 MCTS 244 1 MCTS
500 6 RED RED 253 1 MCTS 247 5 MCTS
500 6 RED RED 254 1 MCTS 246 2 MCTS
500 6 RED RED 329 5 MCTS 171 1 MCTS
500 6 RED BLUE 263 2 MCTS 237 2 MCTS
500 6 RED BLUE 255 4 MCTS 245 2 MCTS
500 6 RED RED 295 4 MCTS 205 2 MCTS
500 6 RED BLUE 323 10 MCTS 177 2 MCTS
500 6 RED RED 279 4 MCTS 221 4 MCTS
500 6 RED RED 351 10 MCTS 149 2 MCTS
500 6 RED BLUE 296 8 MCTS 204 4 MCTS
500 6 RED RED 315 8 MCTS 185 4 MCTS
500 6 RED RED 292 8 MCTS 208 8 MCTS
500 6 RED RED 421 20 MCTS 79 4 MCTS
500 6 RED BLUE 401 20 MCTS 99 4 MCTS
500 6 RED RED 390 16 MCTS 110 8 MCTS
500 6 RED BLUE 341 16 MCTS 159 8 MCTS
500 6 RED RED 276 16 MCTS 224 16 MCTS
500 6 RED BLUE 459 40 MCTS 41 8 MCTS
500 6 RED RED 455 40 MCTS 45 8 MCTS
500 6 RED BLUE 363 32 MCTS 137 16 MCTS
500 6 RED RED 396 32 MCTS 104 16 MCTS
500 6 RED RED 266 32 MCTS 234 32 MCTS
500 6 RED BLUE 468 80 MCTS 32 16 MCTS
500 6 RED RED 484 80 MCTS 16 16 MCTS
500 6 RED BLUE 390 64 MCTS 110 32 MCTS
500 6 RED RED 405 64 MCTS 95 32 MCTS
500 6 RED RED 268 64 MCTS 232 64 MCTS
500 6 RED BLUE 482 160 MCTS 18 32 MCTS
500 6 RED BLUE 385 128 MCTS 115 64 MCTS
500 6 RED RED 493 160 MCTS 7 32 MCTS
500 6 RED RED 402 128 MCTS 98 64 MCTS
500 6 RED RED 277 128 MCTS 223 128 MCTS
500 6 RED BLUE 483 320 MCTS 17 64 MCTS
500 6 RED BLUE 353 256 MCTS 147 128 MCTS
500 6 RED RED 487 320 MCTS 13 64 MCTS
500 6 RED RED 411 256 MCTS 89 128 MCTS
500 6 RED RED 281 256 MCTS 219 256 MCTS
500 6 RED BLUE 462 640 MCTS 38 128 MCTS
500 6 RED RED 473 640 MCTS 27 128 MCTS
500 6 RED BLUE 347 512 MCTS 153 256 MCTS
500 6 RED RED 404 512 MCTS 96 256 MCTS
500 6 RED RED 259 512 MCTS 241 512 MCTS
500 6 RED BLUE 444 1280 MCTS 56 256 MCTS
500 6 RED RED 477 1280 MCTS 23 256 MCTS
500 6 RED BLUE 340 1024 MCTS 160 512 MCTS
500 6 RED RED 384 1024 MCTS 116 512 MCTS
500 6 RED RED 295 1024 MCTS 205 1024 MCTS
500 6 RED RED 457 2560 MCTS 43 512 MCTS
500 6 RED BLUE 413 2560 MCTS 87 512 MCTS
500 6 RED BLUE 285 2048 MCTS 215 1024 MCTS
500 6 RED RED 386 2048 MCTS 114 1024 MCTS
500 6 RED RED 300 2048 MCTS 200 2048 MCTS
500 6 RED RED 412 5120 MCTS 88 1024 MCTS
500 6 RED BLUE 353 5120 MCTS 147 1024 MCTS
500 6 RED BLUE 251 4096 MCTS 249 2048 MCTS
500 6 RED RED 339 4096 MCTS 161 2048 MCTS
500 6 RED RED 300 4096 MCTS 200 4096 MCTS
500 6 RED RED 377 10240 MCTS 123 2048 MCTS
500 6 RED BLUE 290 10240 MCTS 210 2048 MCTS
500 6 RED RED 279 4096 MCTS 221 8192 MCTS
500 6 RED RED 343 8192 MCTS 157 4096 MCTS
500 6 RED RED 336 8192 MCTS 164 8192 MCTS
500 6 RED RED 272 4096 MCTS 228 20480 MCTS
500 6 RED RED 344 20480 MCTS 156 4096 MCTS
500 6 RED RED 322 8192 MCTS 178 16384 MCTS
500 6 RED RED 322 16384 MCTS 178 8192 MCTS
500 6 RED RED 343 16384 MCTS 157 16384 MCTS
500 6 RED RED 371 8192 MCTS 129 40960 MCTS
500 6 RED RED 349 16384 MCTS 151 32768 MCTS
500 6 RED RED 307 40960 MCTS 193 8192 MCTS
500 6 RED RED 306 32768 MCTS 194 16384 MCTS
500 6 RED RED 340 32768 MCTS 160 32768 MCTS
500 6 RED RED 421 16384 MCTS 79 81920 MCTS
500 6 RED RED 392 32768 MCTS 108 65536 MCTS
500 6 RED BLUE 304 16384 MCTS 196 81920 MCTS
500 6 RED RED 262 65536 MCTS 238 32768 MCTS
500 6 RED RED 447 32768 MCTS 53 163840 MCTS
500 6 RED BLUE 359 32768 MCTS 141 163840 MCTS
