500 2 RED BLUE 260 2 MCTS 240 1 MCTS
500 2 RED RED 253 1 MCTS 247 1 MCTS
500 2 RED BLUE 319 5 MCTS 181 1 MCTS
500 2 RED RED 257 2 MCTS 243 1 MCTS
500 2 RED RED 453 5 MCTS 47 1 MCTS
500 2 RED BLUE 298 4 MCTS 202 2 MCTS
500 2 RED RED 256 2 MCTS 244 2 MCTS
500 2 RED RED 396 4 MCTS 104 2 MCTS
500 2 RED BLUE 342 10 MCTS 158 2 MCTS
500 2 RED RED 454 10 MCTS 46 2 MCTS
500 2 RED RED 349 4 MCTS 151 4 MCTS
500 2 RED RED 283 4 MCTS 217 8 MCTS
500 2 RED RED 418 8 MCTS 82 4 MCTS
500 2 RED RED 449 20 MCTS 51 4 MCTS
500 2 RED RED 336 4 MCTS 164 20 MCTS
500 2 RED RED 392 8 MCTS 108 8 MCTS
500 2 RED RED 386 16 MCTS 114 8 MCTS
500 2 RED RED 387 8 MCTS 113 16 MCTS
500 2 RED RED 434 8 MCTS 66 40 MCTS
500 2 RED RED 370 40 MCTS 130 8 MCTS
500 2 RED RED 449 16 MCTS 51 32 MCTS
500 2 RED RED 407 16 MCTS 93 16 MCTS
500 2 RED RED 399 32 MCTS 101 16 MCTS
500 2 RED RED 435 16 MCTS 65 80 MCTS
500 2 RED RED 390 80 MCTS 110 16 MCTS
500 2 RED RED 411 32 MCTS 89 32 MCTS
500 2 RED RED 444 32 MCTS 56 64 MCTS
500 2 RED RED 416 64 MCTS 84 32 MCTS
500 2 RED RED 424 64 MCTS 76 64 MCTS
500 2 RED RED 429 32 MCTS 71 160 MCTS
500 2 RED RED 390 160 MCTS 110 32 MCTS
500 2 RED RED 432 64 MCTS 68 128 MCTS
500 2 RED RED 417 128 MCTS 83 64 MCTS
500 2 RED RED 448 64 MCTS 52 320 MCTS
500 2 RED RED 390 320 MCTS 110 64 MCTS
500 2 RED RED 389 256 MCTS 111 128 MCTS
500 2 RED RED 417 128 MCTS 83 128 MCTS
500 2 RED RED 427 128 MCTS 73 256 MCTS
500 2 RED RED 414 128 MCTS 86 640 MCTS
500 2 RED RED 405 256 MCTS 95 256 MCTS
500 2 RED RED 381 640 MCTS 119 128 MCTS
500 2 RED RED 410 256 MCTS 90 512 MCTS
500 2 RED RED 374 512 MCTS 126 256 MCTS
500 2 RED RED 381 512 MCTS 119 512 MCTS
500 2 RED RED 383 256 MCTS 117 1280 MCTS
500 2 RED RED 372 1280 MCTS 128 256 MCTS
500 2 RED RED 397 512 MCTS 103 1024 MCTS
500 2 RED RED 371 1024 MCTS 129 512 MCTS
500 2 RED RED 372 512 MCTS 128 2560 MCTS
500 2 RED RED 374 1024 MCTS 126 1024 MCTS
500 2 RED RED 372 2560 MCTS 128 512 MCTS
500 2 RED RED 386 1024 MCTS 114 2048 MCTS
500 2 RED RED 368 2048 MCTS 132 1024 MCTS
500 2 RED RED 384 1024 MCTS 116 5120 MCTS
500 2 RED RED 385 2048 MCTS 115 2048 MCTS
500 2 RED RED 363 5120 MCTS 137 1024 MCTS
500 2 RED RED 385 2048 MCTS 115 4096 MCTS
500 2 RED RED 384 4096 MCTS 116 2048 MCTS
500 2 RED RED 375 4096 MCTS 125 4096 MCTS
500 2 RED RED 375 2048 MCTS 125 10240 MCTS
500 2 RED RED 367 4096 MCTS 133 8192 MCTS
500 2 RED RED 363 10240 MCTS 137 2048 MCTS
500 2 RED RED 375 8192 MCTS 125 4096 MCTS
500 2 RED RED 393 8192 MCTS 107 8192 MCTS
500 2 RED RED 389 4096 MCTS 111 20480 MCTS
500 2 RED RED 370 8192 MCTS 130 16384 MCTS
500 2 RED RED 381 20480 MCTS 119 4096 MCTS
500 2 RED RED 383 16384 MCTS 117 8192 MCTS
500 2 RED RED 375 16384 MCTS 125 16384 MCTS
500 2 RED RED 385 8192 MCTS 115 40960 MCTS
500 2 RED RED 373 16384 MCTS 127 32768 MCTS
500 2 RED RED 376 40960 MCTS 124 8192 MCTS
500 2 RED RED 370 32768 MCTS 130 16384 MCTS
500 2 RED RED 371 32768 MCTS 129 32768 MCTS
500 2 RED RED 366 16384 MCTS 134 81920 MCTS
500 2 RED RED 369 32768 MCTS 131 65536 MCTS
500 2 RED RED 376 81920 MCTS 124 16384 MCTS
500 2 RED RED 375 65536 MCTS 125 32768 MCTS
500 2 RED RED 369 32768 MCTS 131 163840 MCTS
500 2 RED RED 376 163840 MCTS 124 32768 MCTS
