1000 8 RED BLUE 512 1 MCTS 488 1 MCTS
1000 8 RED BLUE 510 2 MCTS 490 1 MCTS
1000 8 RED BLUE 507 1 MCTS 493 2 MCTS
1000 8 RED BLUE 531 5 MCTS 469 1 MCTS
1000 8 RED RED 580 5 MCTS 420 1 MCTS
1000 8 RED BLUE 507 2 MCTS 493 2 MCTS
1000 8 RED BLUE 531 4 MCTS 469 2 MCTS
1000 8 RED RED 564 4 MCTS 436 2 MCTS
1000 8 RED BLUE 631 10 MCTS 369 2 MCTS
1000 8 RED RED 635 10 MCTS 365 2 MCTS
1000 8 RED RED 524 4 MCTS 476 4 MCTS
1000 8 RED BLUE 594 8 MCTS 406 4 MCTS
1000 8 RED RED 602 8 MCTS 398 4 MCTS
1000 8 RED BLUE 718 20 MCTS 282 4 MCTS
1000 8 RED RED 758 20 MCTS 242 4 MCTS
1000 8 RED RED 532 8 MCTS 468 8 MCTS
1000 8 RED BLUE 650 16 MCTS 350 8 MCTS
1000 8 RED RED 689 16 MCTS 311 8 MCTS
1000 8 RED BLUE 871 40 MCTS 129 8 MCTS
1000 8 RED RED 891 40 MCTS 109 8 MCTS
1000 8 RED RED 548 16 MCTS 452 16 MCTS
1000 8 RED BLUE 729 32 MCTS 271 16 MCTS
1000 8 RED RED 789 32 MCTS 211 16 MCTS
1000 8 RED BLUE 964 80 MCTS 36 16 MCTS
1000 8 RED RED 959 80 MCTS 41 16 MCTS
1000 8 RED RED 519 32 MCTS 481 32 MCTS
1000 8 RED BLUE 811 64 MCTS 189 32 MCTS
1000 8 RED RED 843 64 MCTS 157 32 MCTS
1000 8 RED BLUE 978 160 MCTS 22 32 MCTS
1000 8 RED RED 989 160 MCTS 11 32 MCTS
1000 8 RED RED 516 64 MCTS 484 64 MCTS
1000 8 RED BLUE 838 128 MCTS 162 64 MCTS
1000 8 RED RED 856 128 MCTS 144 64 MCTS
1000 8 RED BLUE 993 320 MCTS 7 64 MCTS
1000 8 RED RED 986 320 MCTS 14 64 MCTS
1000 8 RED RED 525 128 MCTS 475 128 MCTS
1000 8 RED BLUE 828 256 MCTS 172 128 MCTS
1000 8 RED RED 886 256 MCTS 114 128 MCTS
1000 8 RED BLUE 993 640 MCTS 7 128 MCTS
1000 8 RED RED 991 640 MCTS 9 128 MCTS
1000 8 RED RED 527 256 MCTS 473 256 MCTS
1000 8 RED BLUE 820 512 MCTS 180 256 MCTS
1000 8 RED RED 863 512 MCTS 137 256 MCTS
1000 8 RED BLUE 983 1280 MCTS 17 256 MCTS
1000 8 RED RED 988 1280 MCTS 12 256 MCTS
1000 8 RED RED 505 512 MCTS 495 512 MCTS
1000 8 RED BLUE 819 1024 MCTS 181 512 MCTS
1000 8 RED RED 826 1024 MCTS 174 512 MCTS
1000 8 RED BLUE 960 2560 MCTS 40 512 MCTS
1000 8 RED RED 978 2560 MCTS 22 512 MCTS
1000 8 RED RED 562 1024 MCTS 438 1024 MCTS
1000 8 RED BLUE 779 2048 MCTS 221 1024 MCTS
1000 8 RED RED 816 2048 MCTS 184 1024 MCTS
1000 8 RED BLUE 933 5120 MCTS 67 1024 MCTS
1000 8 RED RED 964 5120 MCTS 36 1024 MCTS
500 8 RED RED 277 2048 MCTS 223 2048 MCTS
500 8 RED BLUE 333 4096 MCTS 167 2048 MCTS
500 8 RED RED 377 4096 MCTS 123 2048 MCTS
500 8 RED BLUE 438 10240 MCTS 62 2048 MCTS
500 8 RED RED 449 10240 MCTS 51 2048 MCTS
500 8 RED RED 293 4096 MCTS 207 4096 MCTS
500 8 RED BLUE 313 8192 MCTS 187 4096 MCTS
500 8 RED RED 345 8192 MCTS 155 4096 MCTS
500 8 RED BLUE 371 20480 MCTS 129 4096 MCTS
500 8 RED RED 400 20480 MCTS 100 4096 MCTS
500 8 RED RED 291 8192 MCTS 209 8192 MCTS
500 8 RED BLUE 261 16384 MCTS 239 8192 MCTS
500 8 RED RED 311 16384 MCTS 189 8192 MCTS
500 8 RED RED 366 40960 MCTS 134 8192 MCTS
500 8 RED BLUE 300 40960 MCTS 200 8192 MCTS
500 8 RED RED 277 16384 MCTS 223 16384 MCTS
500 8 RED RED 278 16384 MCTS 222 32768 MCTS
500 8 RED RED 310 32768 MCTS 190 16384 MCTS
500 8 RED RED 284 16384 MCTS 216 81920 MCTS
500 8 RED RED 314 81920 MCTS 186 16384 MCTS
500 8 RED RED 282 32768 MCTS 218 32768 MCTS
500 8 RED RED 302 32768 MCTS 198 65536 MCTS
500 8 RED RED 298 65536 MCTS 202 32768 MCTS
250 8 RED RED 182 32768 MCTS 68 163840 MCTS
250 8 RED BLUE 129 32768 MCTS 121 163840 MCTS