500 3 RED RED 348 1 MCTS 152 1 MCTS
500 3 RED RED 351 1 MCTS 149 2 MCTS
500 3 RED BLUE 313 5 MCTS 187 1 MCTS
500 3 RED BLUE 264 4 MCTS 236 2 MCTS
500 3 RED RED 371 4 MCTS 129 2 MCTS
500 3 RED RED 329 2 MCTS 171 2 MCTS
500 3 RED RED 319 2 MCTS 181 1 MCTS
500 3 RED BLUE 291 8 MCTS 209 4 MCTS
500 3 RED RED 308 4 MCTS 192 4 MCTS
500 3 RED BLUE 378 10 MCTS 122 2 MCTS
500 3 RED RED 448 10 MCTS 52 2 MCTS
500 3 RED RED 360 5 MCTS 140 1 MCTS
500 3 RED RED 408 8 MCTS 92 4 MCTS
500 3 RED BLUE 382 20 MCTS 118 4 MCTS
500 3 RED RED 267 8 MCTS 233 8 MCTS
500 3 RED RED 382 16 MCTS 118 8 MCTS
500 3 RED BLUE 274 16 MCTS 226 8 MCTS
500 3 RED RED 438 20 MCTS 62 4 MCTS
500 3 RED RED 445 40 MCTS 55 8 MCTS
500 3 RED RED 282 16 MCTS 218 16 MCTS
500 3 RED BLUE 343 40 MCTS 157 8 MCTS
500 3 RED RED 327 32 MCTS 173 32 MCTS
500 3 RED BLUE 258 32 MCTS 242 16 MCTS
500 3 RED RED 439 80 MCTS 61 16 MCTS
500 3 RED RED 377 32 MCTS 123 16 MCTS
500 3 RED BLUE 268 80 MCTS 232 16 MCTS
500 3 RED RED 295 32 MCTS 205 64 MCTS
500 3 RED RED 371 64 MCTS 129 32 MCTS
500 3 RED RED 334 64 MCTS 166 64 MCTS
500 3 RED RED 397 160 MCTS 103 32 MCTS
500 3 RED RED 361 128 MCTS 139 64 MCTS
500 3 RED RED 278 32 MCTS 222 160 MCTS
500 3 RED RED 335 64 MCTS 165 128 MCTS
500 3 RED RED 372 128 MCTS 128 128 MCTS
500 3 RED RED 341 64 MCTS 159 320 MCTS
500 3 RED RED 359 128 MCTS 141 256 MCTS
500 3 RED RED 356 320 MCTS 144 64 MCTS
500 3 RED RED 352 256 MCTS 148 128 MCTS
500 3 RED RED 369 256 MCTS 131 256 MCTS
500 3 RED RED 401 128 MCTS 99 640 MCTS
500 3 RED RED 388 256 MCTS 112 512 MCTS
500 3 RED RED 324 640 MCTS 176 128 MCTS
500 3 RED RED 349 512 MCTS 151 256 MCTS
500 3 RED RED 356 512 MCTS 144 512 MCTS
500 3 RED RED 427 256 MCTS 73 1280 MCTS
500 3 RED RED 392 512 MCTS 108 1024 MCTS
500 3 RED RED 265 1280 MCTS 235 256 MCTS
500 3 RED RED 306 1024 MCTS 194 512 MCTS
500 3 RED RED 350 1024 MCTS 150 1024 MCTS
500 3 RED RED 408 512 MCTS 92 2560 MCTS
500 3 RED RED 372 1024 MCTS 128 2048 MCTS
500 3 RED BLUE 285 512 MCTS 215 2560 MCTS
500 3 RED RED 266 2048 MCTS 234 1024 MCTS
500 3 RED RED 300 2048 MCTS 200 2048 MCTS
500 3 RED RED 386 1024 MCTS 114 5120 MCTS
500 3 RED RED 314 2048 MCTS 186 4096 MCTS
500 3 RED BLUE 281 1024 MCTS 219 5120 MCTS
500 3 RED RED 263 4096 MCTS 237 2048 MCTS
500 3 RED RED 277 4096 MCTS 223 4096 MCTS
500 3 RED RED 357 2048 MCTS 143 10240 MCTS
500 3 RED RED 314 4096 MCTS 186 8192 MCTS
500 3 RED BLUE 266 2048 MCTS 234 10240 MCTS
500 3 RED RED 276 8192 MCTS 224 4096 MCTS
500 3 RED RED 275 8192 MCTS 225 8192 MCTS
500 3 RED RED 328 4096 MCTS 172 20480 MCTS
500 3 RED RED 302 8192 MCTS 198 16384 MCTS
500 3 RED RED 256 20480 MCTS 244 4096 MCTS
500 3 RED RED 291 16384 MCTS 209 8192 MCTS
500 3 RED RED 264 16384 MCTS 236 16384 MCTS
500 3 RED RED 292 8192 MCTS 208 40960 MCTS
500 3 RED RED 270 40960 MCTS 230 8192 MCTS
500 3 RED RED 283 16384 MCTS 217 32768 MCTS
500 3 RED RED 279 32768 MCTS 221 16384 MCTS
500 3 RED RED 261 32768 MCTS 239 32768 MCTS
500 3 RED RED 287 16384 MCTS 213 81920 MCTS
500 3 RED RED 283 81920 MCTS 217 16384 MCTS
500 3 RED RED 297 32768 MCTS 203 65536 MCTS
500 3 RED RED 280 65536 MCTS 220 32768 MCTS
500 3 RED RED 264 32768 MCTS 236 163840 MCTS
500 3 RED RED 292 163840 MCTS 208 32768 MCTS
