1000 9 RED RED 514 1 MCTS 486 1 MCTS
1000 9 RED RED 526 1 MCTS 474 2 MCTS
1000 9 RED RED 540 2 MCTS 460 1 MCTS
1000 9 RED BLUE 560 5 MCTS 440 1 MCTS
1000 9 RED RED 548 5 MCTS 452 1 MCTS
1000 9 RED RED 557 2 MCTS 443 2 MCTS
1000 9 RED BLUE 531 4 MCTS 469 2 MCTS
1000 9 RED RED 523 4 MCTS 477 2 MCTS
1000 9 RED BLUE 606 10 MCTS 394 2 MCTS
1000 9 RED RED 624 10 MCTS 376 2 MCTS
1000 9 RED RED 509 4 MCTS 491 4 MCTS
1000 9 RED BLUE 562 8 MCTS 438 4 MCTS
1000 9 RED RED 596 8 MCTS 404 4 MCTS
1000 9 RED BLUE 699 20 MCTS 301 4 MCTS
1000 9 RED RED 727 20 MCTS 273 4 MCTS
1000 9 RED RED 525 8 MCTS 475 8 MCTS
1000 9 RED BLUE 643 16 MCTS 357 8 MCTS
1000 9 RED RED 686 16 MCTS 314 8 MCTS
1000 9 RED BLUE 871 40 MCTS 129 8 MCTS
1000 9 RED RED 856 40 MCTS 144 8 MCTS
1000 9 RED RED 508 16 MCTS 492 16 MCTS
1000 9 RED BLUE 720 32 MCTS 280 16 MCTS
1000 9 RED RED 729 32 MCTS 271 16 MCTS
1000 9 RED BLUE 931 80 MCTS 69 16 MCTS
1000 9 RED RED 963 80 MCTS 37 16 MCTS
1000 9 RED BLUE 500 32 MCTS 500 32 MCTS
1000 9 RED BLUE 805 64 MCTS 195 32 MCTS
1000 9 RED RED 813 64 MCTS 187 32 MCTS
1000 9 RED BLUE 987 160 MCTS 13 32 MCTS
1000 9 RED RED 990 160 MCTS 10 32 MCTS
1000 9 RED BLUE 535 64 MCTS 465 64 MCTS
1000 9 RED BLUE 855 128 MCTS 145 64 MCTS
1000 9 RED RED 883 128 MCTS 117 64 MCTS
1000 9 RED BLUE 992 320 MCTS 8 64 MCTS
1000 9 RED RED 994 320 MCTS 6 64 MCTS
1000 9 RED RED 508 128 MCTS 492 128 MCTS
1000 9 RED BLUE 878 256 MCTS 122 128 MCTS
1000 9 RED RED 883 256 MCTS 117 128 MCTS
1000 9 RED BLUE 995 640 MCTS 5 128 MCTS
1000 9 RED RED 997 640 MCTS 3 128 MCTS
1000 9 RED RED 531 256 MCTS 469 256 MCTS
1000 9 RED BLUE 844 512 MCTS 156 256 MCTS
1000 9 RED RED 868 512 MCTS 132 256 MCTS
1000 9 RED BLUE 984 1280 MCTS 16 256 MCTS
1000 9 RED RED 994 1280 MCTS 6 256 MCTS
1000 9 RED RED 529 512 MCTS 471 512 MCTS
1000 9 RED BLUE 831 1024 MCTS 169 512 MCTS
1000 9 RED RED 864 1024 MCTS 136 512 MCTS
1000 9 RED BLUE 984 2560 MCTS 16 512 MCTS
1000 9 RED RED 984 2560 MCTS 16 512 MCTS
500 9 RED RED 270 1024 MCTS 230 1024 MCTS
500 9 RED BLUE 411 2048 MCTS 89 1024 MCTS
500 9 RED RED 421 2048 MCTS 79 1024 MCTS
500 9 RED BLUE 486 5120 MCTS 14 1024 MCTS
500 9 RED RED 489 5120 MCTS 11 1024 MCTS
500 9 RED RED 272 2048 MCTS 228 2048 MCTS
500 9 RED BLUE 387 4096 MCTS 113 2048 MCTS
500 9 RED RED 407 4096 MCTS 93 2048 MCTS
500 9 RED BLUE 460 10240 MCTS 40 2048 MCTS
500 9 RED RED 475 10240 MCTS 25 2048 MCTS
500 9 RED RED 269 4096 MCTS 231 4096 MCTS
500 9 RED BLUE 330 8192 MCTS 170 4096 MCTS
500 9 RED RED 387 8192 MCTS 113 4096 MCTS
500 9 RED BLUE 412 20480 MCTS 88 4096 MCTS
500 9 RED RED 444 20480 MCTS 56 4096 MCTS
500 9 RED RED 262 8192 MCTS 238 8192 MCTS
500 9 RED BLUE 328 16384 MCTS 172 8192 MCTS
500 9 RED RED 351 16384 MCTS 149 8192 MCTS
500 9 RED BLUE 335 40960 MCTS 165 8192 MCTS
500 9 RED RED 378 40960 MCTS 122 8192 MCTS
500 9 RED RED 300 16384 MCTS 200 16384 MCTS
500 9 RED BLUE 254 32768 MCTS 246 16384 MCTS
500 9 RED RED 322 32768 MCTS 178 16384 MCTS
500 9 RED BLUE 274 81920 MCTS 226 16384 MCTS
500 9 RED RED 339 81920 MCTS 161 16384 MCTS
500 9 RED RED 283 32768 MCTS 217 32768 MCTS
500 9 RED RED 278 32768 MCTS 222 65536 MCTS
500 9 RED RED 291 65536 MCTS 209 32768 MCTS
200 9 RED RED 118 163840 MCTS 82 32768 MCTS
200 9 RED RED 126 32768 MCTS 74 163840 MCTS