200 10 RED BLUE 105 1 MCTS 95 1 MCTS
200 10 RED BLUE 108 2 MCTS 92 1 MCTS
200 10 RED BLUE 100 1 MCTS 100 2 MCTS
200 10 RED BLUE 106 5 MCTS 94 1 MCTS
200 10 RED RED 121 5 MCTS 79 1 MCTS
200 10 RED RED 110 2 MCTS 90 2 MCTS
200 10 RED BLUE 101 4 MCTS 99 2 MCTS
200 10 RED RED 112 4 MCTS 88 2 MCTS
200 10 RED BLUE 109 10 MCTS 91 2 MCTS
200 10 RED RED 124 10 MCTS 76 2 MCTS
200 10 RED BLUE 103 4 MCTS 97 4 MCTS
200 10 RED BLUE 104 8 MCTS 96 4 MCTS
200 10 RED RED 111 8 MCTS 89 4 MCTS
200 10 RED BLUE 139 20 MCTS 61 4 MCTS
200 10 RED RED 150 20 MCTS 50 4 MCTS
200 10 RED RED 104 8 MCTS 96 8 MCTS
200 10 RED BLUE 128 16 MCTS 72 8 MCTS
200 10 RED RED 122 16 MCTS 78 8 MCTS
200 10 RED BLUE 166 40 MCTS 34 8 MCTS
200 10 RED RED 172 40 MCTS 28 8 MCTS
200 10 RED RED 106 16 MCTS 94 16 MCTS
200 10 RED BLUE 152 32 MCTS 48 16 MCTS
200 10 RED RED 148 32 MCTS 52 16 MCTS
200 10 RED BLUE 190 80 MCTS 10 16 MCTS
200 10 RED RED 193 80 MCTS 7 16 MCTS
200 10 RED RED 113 32 MCTS 87 32 MCTS
200 10 RED BLUE 161 64 MCTS 39 32 MCTS
200 10 RED RED 160 64 MCTS 40 32 MCTS
200 10 RED BLUE 195 160 MCTS 5 32 MCTS
200 10 RED RED 199 160 MCTS 1 32 MCTS
200 10 RED RED 108 64 MCTS 92 64 MCTS
200 10 RED BLUE 180 128 MCTS 20 64 MCTS
200 10 RED RED 178 128 MCTS 22 64 MCTS
200 10 RED BLUE 197 320 MCTS 3 64 MCTS
200 10 RED RED 200 320 MCTS 0 64 MCTS
200 10 RED RED 116 128 MCTS 84 128 MCTS
200 10 RED BLUE 177 256 MCTS 23 128 MCTS
200 10 RED RED 183 256 MCTS 17 128 MCTS
200 10 RED BLUE 200 640 MCTS 0 128 MCTS
200 10 RED RED 199 640 MCTS 1 128 MCTS
200 10 RED RED 115 256 MCTS 85 256 MCTS
200 10 RED BLUE 176 512 MCTS 24 256 MCTS
200 10 RED RED 173 512 MCTS 27 256 MCTS
200 10 RED BLUE 199 1280 MCTS 1 256 MCTS
200 10 RED RED 200 1280 MCTS 0 256 MCTS
200 10 RED BLUE 100 512 MCTS 100 512 MCTS
200 10 RED BLUE 177 1024 MCTS 23 512 MCTS
200 10 RED RED 174 1024 MCTS 26 512 MCTS
200 10 RED BLUE 197 2560 MCTS 3 512 MCTS
200 10 RED RED 199 2560 MCTS 1 512 MCTS
200 10 RED RED 102 1024 MCTS 98 1024 MCTS
200 10 RED BLUE 176 2048 MCTS 24 1024 MCTS
200 10 RED RED 176 2048 MCTS 24 1024 MCTS
200 10 RED BLUE 199 5120 MCTS 1 1024 MCTS
200 10 RED RED 197 5120 MCTS 3 1024 MCTS
200 10 RED RED 109 2048 MCTS 91 2048 MCTS
200 10 RED BLUE 168 4096 MCTS 32 2048 MCTS
200 10 RED RED 170 4096 MCTS 30 2048 MCTS
200 10 RED BLUE 194 10240 MCTS 6 2048 MCTS
200 10 RED RED 193 10240 MCTS 7 2048 MCTS
200 10 RED RED 108 4096 MCTS 92 4096 MCTS
200 10 RED BLUE 156 8192 MCTS 44 4096 MCTS
200 10 RED RED 166 8192 MCTS 34 4096 MCTS
200 10 RED BLUE 185 20480 MCTS 15 4096 MCTS
200 10 RED RED 195 20480 MCTS 5 4096 MCTS
200 10 RED RED 102 8192 MCTS 98 8192 MCTS
200 10 RED BLUE 130 16384 MCTS 70 8192 MCTS
200 10 RED RED 149 16384 MCTS 51 8192 MCTS
200 10 RED BLUE 156 40960 MCTS 44 8192 MCTS
200 10 RED RED 165 40960 MCTS 35 8192 MCTS
200 10 RED RED 103 16384 MCTS 97 16384 MCTS
200 10 RED RED 128 32768 MCTS 72 16384 MCTS
200 10 RED BLUE 125 32768 MCTS 75 16384 MCTS
200 10 RED RED 105 32768 MCTS 95 32768 MCTS
200 10 RED RED 117 163840 MCTS 83 32768 MCTS
200 10 RED RED 101 32768 MCTS 99 163840 MCTS
