500 5 RED RED 267 1 MCTS 233 1 MCTS
500 5 RED RED 291 1 MCTS 209 2 MCTS
500 5 RED RED 282 2 MCTS 218 1 MCTS
500 5 RED RED 293 2 MCTS 207 2 MCTS
500 5 RED RED 313 5 MCTS 187 1 MCTS
500 5 RED RED 298 4 MCTS 202 2 MCTS
500 5 RED BLUE 276 4 MCTS 224 2 MCTS
500 5 RED BLUE 310 5 MCTS 190 1 MCTS
500 5 RED BLUE 343 10 MCTS 157 2 MCTS
500 5 RED RED 384 10 MCTS 116 2 MCTS
500 5 RED RED 269 8 MCTS 231 8 MCTS
500 5 RED RED 274 4 MCTS 226 4 MCTS
500 5 RED BLUE 305 8 MCTS 195 4 MCTS
500 5 RED RED 332 8 MCTS 168 4 MCTS
500 5 RED BLUE 419 20 MCTS 81 4 MCTS
500 5 RED BLUE 365 16 MCTS 135 8 MCTS
500 5 RED RED 431 20 MCTS 69 4 MCTS
500 5 RED RED 375 16 MCTS 125 8 MCTS
500 5 RED RED 261 16 MCTS 239 16 MCTS
500 5 RED BLUE 380 32 MCTS 120 16 MCTS
500 5 RED BLUE 462 40 MCTS 38 8 MCTS
500 5 RED RED 473 40 MCTS 27 8 MCTS
500 5 RED RED 370 32 MCTS 130 16 MCTS
500 5 RED RED 257 32 MCTS 243 32 MCTS
500 5 RED BLUE 462 80 MCTS 38 16 MCTS
500 5 RED BLUE 362 64 MCTS 138 32 MCTS
500 5 RED RED 481 80 MCTS 19 16 MCTS
500 5 RED RED 415 64 MCTS 85 32 MCTS
500 5 RED RED 278 64 MCTS 222 64 MCTS
500 5 RED BLUE 460 160 MCTS 40 32 MCTS
500 5 RED BLUE 337 128 MCTS 163 64 MCTS
500 5 RED RED 481 160 MCTS 19 32 MCTS
500 5 RED RED 383 128 MCTS 117 64 MCTS
500 5 RED RED 284 128 MCTS 216 128 MCTS
500 5 RED BLUE 424 320 MCTS 76 64 MCTS
500 5 RED RED 465 320 MCTS 35 64 MCTS
500 5 RED BLUE 321 256 MCTS 179 128 MCTS
500 5 RED RED 381 256 MCTS 119 128 MCTS
500 5 RED RED 288 256 MCTS 212 256 MCTS
500 5 RED BLUE 418 640 MCTS 82 128 MCTS
500 5 RED RED 437 640 MCTS 63 128 MCTS
500 5 RED BLUE 303 512 MCTS 197 256 MCTS
500 5 RED RED 391 512 MCTS 109 256 MCTS
500 5 RED RED 302 512 MCTS 198 512 MCTS
500 5 RED BLUE 360 1280 MCTS 140 256 MCTS
500 5 RED RED 428 1280 MCTS 72 256 MCTS
500 5 RED RED 253 512 MCTS 247 1024 MCTS
500 5 RED RED 361 1024 MCTS 139 512 MCTS
500 5 RED RED 314 1024 MCTS 186 1024 MCTS
500 5 RED BLUE 315 2560 MCTS 185 512 MCTS
500 5 RED RED 396 2560 MCTS 104 512 MCTS
500 5 RED RED 289 1024 MCTS 211 2048 MCTS
500 5 RED RED 350 2048 MCTS 150 1024 MCTS
500 5 RED RED 290 2048 MCTS 210 2048 MCTS
500 5 RED RED 256 1024 MCTS 244 5120 MCTS
500 5 RED RED 371 5120 MCTS 129 1024 MCTS
500 5 RED RED 308 2048 MCTS 192 4096 MCTS
500 5 RED RED 356 4096 MCTS 144 2048 MCTS
500 5 RED RED 328 4096 MCTS 172 4096 MCTS
500 5 RED RED 354 2048 MCTS 146 10240 MCTS
500 5 RED RED 352 4096 MCTS 148 8192 MCTS
500 5 RED RED 330 10240 MCTS 170 2048 MCTS
500 5 RED RED 331 8192 MCTS 169 4096 MCTS
500 5 RED RED 348 8192 MCTS 152 8192 MCTS
500 5 RED RED 400 4096 MCTS 100 20480 MCTS
500 5 RED RED 392 8192 MCTS 108 16384 MCTS
500 5 RED RED 303 20480 MCTS 197 4096 MCTS
500 5 RED RED 323 16384 MCTS 177 8192 MCTS
500 5 RED RED 354 16384 MCTS 146 16384 MCTS
500 5 RED RED 442 8192 MCTS 58 40960 MCTS
500 5 RED RED 418 16384 MCTS 82 32768 MCTS
500 5 RED BLUE 267 8192 MCTS 233 40960 MCTS
500 5 RED RED 312 32768 MCTS 188 16384 MCTS
500 5 RED RED 354 32768 MCTS 146 32768 MCTS
500 5 RED RED 449 16384 MCTS 51 81920 MCTS
500 5 RED RED 413 32768 MCTS 87 65536 MCTS
500 5 RED BLUE 299 16384 MCTS 201 81920 MCTS
500 5 RED RED 277 65536 MCTS 223 32768 MCTS
500 5 RED RED 447 32768 MCTS 53 163840 MCTS
500 5 RED BLUE 322 32768 MCTS 178 163840 MCTS
