500 4 RED RED 254 2 MCTS 246 1 MCTS
500 4 RED BLUE 268 2 MCTS 232 2 MCTS
500 4 RED BLUE 291 5 MCTS 209 1 MCTS
500 4 RED BLUE 264 1 MCTS 236 1 MCTS
500 4 RED BLUE 259 2 MCTS 241 1 MCTS
500 4 RED BLUE 290 4 MCTS 210 2 MCTS
500 4 RED RED 277 4 MCTS 223 4 MCTS
500 4 RED RED 360 5 MCTS 140 1 MCTS
500 4 RED BLUE 328 8 MCTS 172 4 MCTS
500 4 RED BLUE 366 10 MCTS 134 2 MCTS
500 4 RED RED 332 4 MCTS 168 2 MCTS
500 4 RED RED 416 10 MCTS 84 2 MCTS
500 4 RED RED 354 8 MCTS 146 4 MCTS
500 4 RED RED 287 8 MCTS 213 8 MCTS
500 4 RED BLUE 424 20 MCTS 76 4 MCTS
500 4 RED BLUE 339 16 MCTS 161 8 MCTS
500 4 RED RED 450 20 MCTS 50 4 MCTS
500 4 RED RED 269 16 MCTS 231 16 MCTS
500 4 RED RED 391 16 MCTS 109 8 MCTS
500 4 RED BLUE 312 32 MCTS 188 16 MCTS
500 4 RED BLUE 435 40 MCTS 65 8 MCTS
500 4 RED RED 462 40 MCTS 38 8 MCTS
500 4 RED RED 374 32 MCTS 126 16 MCTS
500 4 RED BLUE 404 80 MCTS 96 16 MCTS
500 4 RED RED 451 80 MCTS 49 16 MCTS
500 4 RED RED 282 32 MCTS 218 32 MCTS
500 4 RED RED 370 64 MCTS 130 32 MCTS
500 4 RED BLUE 307 64 MCTS 193 32 MCTS
500 4 RED RED 290 64 MCTS 210 64 MCTS
500 4 RED BLUE 398 160 MCTS 102 32 MCTS
500 4 RED RED 450 160 MCTS 50 32 MCTS
500 4 RED RED 384 128 MCTS 116 64 MCTS
500 4 RED BLUE 284 128 MCTS 216 64 MCTS
500 4 RED RED 290 128 MCTS 210 128 MCTS
500 4 RED BLUE 361 320 MCTS 139 64 MCTS
500 4 RED RED 420 320 MCTS 80 64 MCTS
500 4 RED RED 368 256 MCTS 132 128 MCTS
500 4 RED RED 253 128 MCTS 247 256 MCTS
500 4 RED RED 303 256 MCTS 197 256 MCTS
500 4 RED BLUE 298 640 MCTS 202 128 MCTS
500 4 RED RED 403 640 MCTS 97 128 MCTS
500 4 RED RED 267 256 MCTS 233 512 MCTS
500 4 RED RED 365 512 MCTS 135 256 MCTS
500 4 RED RED 319 512 MCTS 181 512 MCTS
500 4 RED RED 381 1280 MCTS 119 256 MCTS
500 4 RED RED 263 256 MCTS 237 1280 MCTS
500 4 RED RED 317 512 MCTS 183 1024 MCTS
500 4 RED RED 359 1024 MCTS 141 512 MCTS
500 4 RED RED 337 1024 MCTS 163 1024 MCTS
500 4 RED RED 346 512 MCTS 154 2560 MCTS
500 4 RED RED 362 1024 MCTS 138 2048 MCTS
500 4 RED RED 376 2560 MCTS 124 512 MCTS
500 4 RED RED 357 2048 MCTS 143 1024 MCTS
500 4 RED RED 362 2048 MCTS 138 2048 MCTS
500 4 RED RED 400 1024 MCTS 100 5120 MCTS
500 4 RED RED 412 2048 MCTS 88 4096 MCTS
500 4 RED RED 305 5120 MCTS 195 1024 MCTS
500 4 RED RED 339 4096 MCTS 161 2048 MCTS
500 4 RED RED 362 4096 MCTS 138 4096 MCTS
500 4 RED RED 441 2048 MCTS 59 10240 MCTS
500 4 RED RED 400 4096 MCTS 100 8192 MCTS
500 4 RED BLUE 262 2048 MCTS 238 10240 MCTS
500 4 RED RED 315 8192 MCTS 185 4096 MCTS
500 4 RED RED 342 8192 MCTS 158 8192 MCTS
500 4 RED RED 446 4096 MCTS 54 20480 MCTS
500 4 RED RED 258 20480 MCTS 242 4096 MCTS
500 4 RED RED 392 8192 MCTS 108 16384 MCTS
500 4 RED RED 335 16384 MCTS 165 8192 MCTS
500 4 RED RED 358 16384 MCTS 142 16384 MCTS
500 4 RED RED 438 8192 MCTS 62 40960 MCTS
500 4 RED RED 252 40960 MCTS 248 8192 MCTS
500 4 RED RED 400 16384 MCTS 100 32768 MCTS
500 4 RED RED 313 32768 MCTS 187 16384 MCTS
500 4 RED RED 364 32768 MCTS 136 32768 MCTS
500 4 RED RED 430 16384 MCTS 70 81920 MCTS
500 4 RED RED 399 32768 MCTS 101 65536 MCTS
500 4 RED BLUE 257 16384 MCTS 243 81920 MCTS
500 4 RED RED 314 65536 MCTS 186 32768 MCTS
500 4 RED RED 431 32768 MCTS 69 163840 MCTS
500 4 RED RED 268 163840 MCTS 232 32768 MCTS
