500 7 RED RED 282 1 MCTS 218 1 MCTS
500 7 RED RED 291 1 MCTS 209 2 MCTS
500 7 RED RED 271 2 MCTS 229 1 MCTS
500 7 RED RED 267 2 MCTS 233 2 MCTS
500 7 RED BLUE 278 5 MCTS 222 1 MCTS
500 7 RED RED 285 5 MCTS 215 1 MCTS
500 7 RED BLUE 261 4 MCTS 239 2 MCTS
500 7 RED RED 278 4 MCTS 222 2 MCTS
500 7 RED BLUE 315 10 MCTS 185 2 MCTS
500 7 RED RED 347 10 MCTS 153 2 MCTS
500 7 RED RED 271 4 MCTS 229 4 MCTS
500 7 RED BLUE 290 8 MCTS 210 4 MCTS
500 7 RED RED 307 8 MCTS 193 4 MCTS
500 7 RED BLUE 396 20 MCTS 104 4 MCTS
500 7 RED RED 267 8 MCTS 233 8 MCTS
500 7 RED RED 390 20 MCTS 110 4 MCTS
500 7 RED BLUE 343 16 MCTS 157 8 MCTS
500 7 RED RED 356 16 MCTS 144 8 MCTS
500 7 RED BLUE 454 40 MCTS 46 8 MCTS
500 7 RED BLUE 256 16 MCTS 244 16 MCTS
500 7 RED RED 453 40 MCTS 47 8 MCTS
500 7 RED BLUE 384 32 MCTS 116 16 MCTS
500 7 RED RED 386 32 MCTS 114 16 MCTS
500 7 RED BLUE 480 80 MCTS 20 16 MCTS
500 7 RED BLUE 263 32 MCTS 237 32 MCTS
500 7 RED RED 488 80 MCTS 12 16 MCTS
500 7 RED BLUE 424 64 MCTS 76 32 MCTS
500 7 RED RED 407 64 MCTS 93 32 MCTS
500 7 RED BLUE 494 160 MCTS 6 32 MCTS
500 7 RED BLUE 254 64 MCTS 246 64 MCTS
500 7 RED RED 484 160 MCTS 16 32 MCTS
500 7 RED BLUE 396 128 MCTS 104 64 MCTS
500 7 RED RED 407 128 MCTS 93 64 MCTS
500 7 RED BLUE 490 320 MCTS 10 64 MCTS
500 7 RED RED 256 128 MCTS 244 128 MCTS
500 7 RED RED 487 320 MCTS 13 64 MCTS
500 7 RED BLUE 415 256 MCTS 85 128 MCTS
500 7 RED RED 413 256 MCTS 87 128 MCTS
500 7 RED BLUE 486 640 MCTS 14 128 MCTS
500 7 RED RED 274 256 MCTS 226 256 MCTS
500 7 RED RED 487 640 MCTS 13 128 MCTS
500 7 RED BLUE 386 512 MCTS 114 256 MCTS
500 7 RED RED 398 512 MCTS 102 256 MCTS
500 7 RED BLUE 477 1280 MCTS 23 256 MCTS
500 7 RED RED 271 512 MCTS 229 512 MCTS
500 7 RED RED 487 1280 MCTS 13 256 MCTS
500 7 RED BLUE 368 1024 MCTS 132 512 MCTS
500 7 RED RED 388 1024 MCTS 112 512 MCTS
500 7 RED BLUE 455 2560 MCTS 45 512 MCTS
500 7 RED RED 257 1024 MCTS 243 1024 MCTS
500 7 RED RED 478 2560 MCTS 22 512 MCTS
500 7 RED BLUE 361 2048 MCTS 139 1024 MCTS
500 7 RED RED 375 2048 MCTS 125 1024 MCTS
500 7 RED BLUE 412 5120 MCTS 88 1024 MCTS
500 7 RED RED 285 2048 MCTS 215 2048 MCTS
500 7 RED RED 467 5120 MCTS 33 1024 MCTS
500 7 RED BLUE 306 4096 MCTS 194 2048 MCTS
500 7 RED RED 370 4096 MCTS 130 2048 MCTS
500 7 RED BLUE 356 10240 MCTS 144 2048 MCTS
500 7 RED RED 299 4096 MCTS 201 4096 MCTS
500 7 RED RED 413 10240 MCTS 87 2048 MCTS
500 7 RED BLUE 275 8192 MCTS 225 4096 MCTS
500 7 RED RED 346 8192 MCTS 154 4096 MCTS
500 7 RED BLUE 297 20480 MCTS 203 4096 MCTS
500 7 RED RED 310 8192 MCTS 190 8192 MCTS
500 7 RED RED 371 20480 MCTS 129 4096 MCTS
500 7 RED RED 274 8192 MCTS 226 16384 MCTS
500 7 RED RED 339 16384 MCTS 161 8192 MCTS
500 7 RED RED 257 8192 MCTS 243 40960 MCTS
500 7 RED RED 298 16384 MCTS 202 16384 MCTS
500 7 RED RED 341 40960 MCTS 159 8192 MCTS
500 7 RED RED 301 16384 MCTS 199 32768 MCTS
500 7 RED RED 319 32768 MCTS 181 16384 MCTS
500 7 RED RED 326 32768 MCTS 174 65536 MCTS
500 7 RED RED 351 16384 MCTS 149 81920 MCTS
500 7 RED RED 301 81920 MCTS 199 16384 MCTS
500 7 RED RED 332 32768 MCTS 168 32768 MCTS
200 7 RED RED 173 32768 MCTS 27 163840 MCTS
200 7 RED BLUE 134 32768 MCTS 66 163840 MCTS
200 7 RED RED 123 65536 MCTS 77 32768 MCTS
