200 4 RED RED 143 2 MCTS 57 1 MCTS
200 4 RED RED 120 2 MCTS 80 2 MCTS
200 4 RED BLUE 103 1 MCTS 97 1 MCTS
200 4 RED RED 138 4 MCTS 62 2 MCTS
200 4 RED BLUE 117 2 MCTS 83 1 MCTS
200 4 RED RED 170 5 MCTS 30 1 MCTS
200 4 RED RED 104 2 MCTS 96 4 MCTS
200 4 RED BLUE 139 5 MCTS 61 1 MCTS
200 4 RED BLUE 146 10 MCTS 54 2 MCTS
200 4 RED RED 164 10 MCTS 36 2 MCTS
200 4 RED RED 114 8 MCTS 86 8 MCTS
200 4 RED RED 136 8 MCTS 64 4 MCTS
200 4 RED RED 135 4 MCTS 65 4 MCTS
200 4 RED BLUE 152 20 MCTS 48 4 MCTS
200 4 RED BLUE 106 8 MCTS 94 4 MCTS
200 4 RED RED 177 20 MCTS 23 4 MCTS
200 4 RED RED 154 16 MCTS 46 8 MCTS
200 4 RED BLUE 116 16 MCTS 84 8 MCTS
200 4 RED RED 109 16 MCTS 91 16 MCTS
200 4 RED RED 178 40 MCTS 22 8 MCTS
200 4 RED BLUE 112 32 MCTS 88 16 MCTS
200 4 RED RED 139 32 MCTS 61 16 MCTS
200 4 RED BLUE 149 40 MCTS 51 8 MCTS
200 4 RED BLUE 169 80 MCTS 31 16 MCTS
200 4 RED RED 177 80 MCTS 23 16 MCTS
200 4 RED RED 105 32 MCTS 95 32 MCTS
200 4 RED BLUE 114 64 MCTS 86 32 MCTS
200 4 RED RED 145 64 MCTS 55 32 MCTS
200 4 RED RED 115 64 MCTS 85 64 MCTS
200 4 RED BLUE 149 160 MCTS 51 32 MCTS
200 4 RED RED 137 128 MCTS 63 64 MCTS
200 4 RED RED 177 160 MCTS 23 32 MCTS
200 4 RED BLUE 103 128 MCTS 97 64 MCTS
200 4 RED RED 114 128 MCTS 86 128 MCTS
200 4 RED RED 167 320 MCTS 33 64 MCTS
200 4 RED BLUE 146 320 MCTS 54 64 MCTS
200 4 RED RED 110 128 MCTS 90 256 MCTS
200 4 RED RED 151 256 MCTS 49 128 MCTS
200 4 RED RED 131 256 MCTS 69 256 MCTS
200 4 RED RED 159 640 MCTS 41 128 MCTS
200 4 RED BLUE 114 640 MCTS 86 128 MCTS
200 4 RED RED 109 256 MCTS 91 512 MCTS
200 4 RED RED 134 512 MCTS 66 256 MCTS
200 4 RED RED 125 512 MCTS 75 512 MCTS
200 4 RED RED 118 256 MCTS 82 1280 MCTS
200 4 RED RED 132 512 MCTS 68 1024 MCTS
200 4 RED RED 152 1280 MCTS 48 256 MCTS
200 4 RED RED 152 1024 MCTS 48 512 MCTS
200 4 RED RED 138 1024 MCTS 62 1024 MCTS
200 4 RED RED 139 512 MCTS 61 2560 MCTS
200 4 RED RED 146 1024 MCTS 54 2048 MCTS
200 4 RED RED 139 2560 MCTS 61 512 MCTS
200 4 RED RED 144 2048 MCTS 56 1024 MCTS
200 4 RED RED 147 2048 MCTS 53 2048 MCTS
200 4 RED RED 150 1024 MCTS 50 5120 MCTS
200 4 RED RED 157 2048 MCTS 43 4096 MCTS
200 4 RED RED 109 5120 MCTS 91 1024 MCTS
200 4 RED RED 136 4096 MCTS 64 2048 MCTS
200 4 RED RED 146 4096 MCTS 54 4096 MCTS
200 4 RED RED 174 2048 MCTS 26 10240 MCTS
200 4 RED RED 166 4096 MCTS 34 8192 MCTS
200 4 RED BLUE 101 2048 MCTS 99 10240 MCTS
200 4 RED RED 126 8192 MCTS 74 4096 MCTS
200 4 RED RED 146 8192 MCTS 54 8192 MCTS
200 4 RED RED 175 4096 MCTS 25 20480 MCTS
200 4 RED RED 152 8192 MCTS 48 16384 MCTS
200 4 RED BLUE 104 4096 MCTS 96 20480 MCTS
200 4 RED RED 131 16384 MCTS 69 8192 MCTS
200 4 RED RED 129 16384 MCTS 71 16384 MCTS
200 4 RED RED 166 8192 MCTS 34 40960 MCTS
200 4 RED RED 144 16384 MCTS 56 32768 MCTS
200 4 RED BLUE 106 8192 MCTS 94 40960 MCTS
200 4 RED RED 130 32768 MCTS 70 16384 MCTS
200 4 RED RED 136 32768 MCTS 64 32768 MCTS
200 4 RED RED 162 16384 MCTS 38 81920 MCTS
200 4 RED RED 151 32768 MCTS 49 65536 MCTS
200 4 RED RED 118 81920 MCTS 82 16384 MCTS
200 4 RED RED 126 65536 MCTS 74 32768 MCTS
200 4 RED RED 169 32768 MCTS 31 163840 MCTS
200 4 RED BLUE 100 32768 MCTS 100 163840 MCTS
