500 8 RED RED 254 1 RAVE 246 1 RAVE
500 8 RED RED 251 1 RAVE 249 2 RAVE
500 8 RED BLUE 255 1 RAVE 245 2 RAVE
500 8 RED RED 278 1 RAVE 222 5 RAVE
500 8 RED RED 261 5 RAVE 239 1 RAVE
500 8 RED BLUE 251 2 RAVE 249 2 RAVE
500 8 RED BLUE 261 4 RAVE 239 2 RAVE
500 8 RED BLUE 273 2 RAVE 227 4 RAVE
500 8 RED RED 256 2 RAVE 244 10 RAVE
500 8 RED BLUE 257 2 RAVE 243 10 RAVE
500 8 RED BLUE 251 4 RAVE 249 4 RAVE
500 8 RED RED 263 4 RAVE 237 8 RAVE
500 8 RED BLUE 267 4 RAVE 233 8 RAVE
500 8 RED BLUE 259 20 RAVE 241 4 RAVE
500 8 RED BLUE 264 4 RAVE 236 20 RAVE
500 8 RED BLUE 270 8 RAVE 230 8 RAVE
500 8 RED BLUE 293 16 RAVE 207 8 RAVE
500 8 RED BLUE 261 8 RAVE 239 16 RAVE
500 8 RED BLUE 262 40 RAVE 238 8 RAVE
500 8 RED BLUE 264 8 RAVE 236 40 RAVE
500 8 RED BLUE 280 16 RAVE 220 16 RAVE
500 8 RED RED 257 16 RAVE 243 32 RAVE
500 8 RED BLUE 286 16 RAVE 214 32 RAVE
500 8 RED BLUE 299 80 RAVE 201 16 RAVE
500 8 RED BLUE 272 16 RAVE 228 80 RAVE
500 8 RED RED 274 32 RAVE 226 32 RAVE
500 8 RED BLUE 332 64 RAVE 168 32 RAVE
500 8 RED RED 273 64 RAVE 227 32 RAVE
500 8 RED BLUE 262 160 RAVE 238 32 RAVE
500 8 RED RED 259 160 RAVE 241 32 RAVE
500 8 RED BLUE 327 64 RAVE 173 64 RAVE
500 8 RED RED 294 64 RAVE 206 128 RAVE
500 8 RED BLUE 315 64 RAVE 185 128 RAVE
500 8 RED BLUE 292 320 RAVE 208 64 RAVE
500 8 RED BLUE 293 64 RAVE 207 320 RAVE
500 8 RED RED 295 128 RAVE 205 128 RAVE
500 8 RED BLUE 281 256 RAVE 219 128 RAVE
500 8 RED RED 306 256 RAVE 194 128 RAVE
500 8 RED RED 297 128 RAVE 203 640 RAVE
500 8 RED RED 281 640 RAVE 219 128 RAVE
500 8 RED BLUE 293 256 RAVE 207 256 RAVE
500 8 RED RED 269 256 RAVE 231 512 RAVE
500 8 RED BLUE 288 256 RAVE 212 512 RAVE
500 8 RED RED 271 256 RAVE 229 1280 RAVE
500 8 RED BLUE 308 256 RAVE 192 1280 RAVE
500 8 RED RED 264 512 RAVE 236 512 RAVE
500 8 RED RED 260 512 RAVE 240 1024 RAVE
500 8 RED RED 280 1024 RAVE 220 512 RAVE
500 8 RED RED 280 512 RAVE 220 2560 RAVE
500 8 RED RED 271 2560 RAVE 229 512 RAVE
500 8 RED RED 300 1024 RAVE 200 1024 RAVE
500 8 RED RED 266 1024 RAVE 234 2048 RAVE
500 8 RED RED 282 2048 RAVE 218 1024 RAVE
500 8 RED RED 267 1024 RAVE 233 5120 RAVE
500 8 RED RED 281 5120 RAVE 219 1024 RAVE
500 8 RED RED 260 2048 RAVE 240 2048 RAVE
500 8 RED RED 270 2048 RAVE 230 4096 RAVE
500 8 RED RED 261 4096 RAVE 239 2048 RAVE
500 8 RED RED 271 2048 RAVE 229 10240 RAVE
500 8 RED RED 280 10240 RAVE 220 2048 RAVE
500 8 RED RED 280 4096 RAVE 220 4096 RAVE
500 8 RED RED 294 4096 RAVE 206 8192 RAVE
500 8 RED RED 291 8192 RAVE 209 4096 RAVE
500 8 RED RED 278 4096 RAVE 222 20480 RAVE
500 8 RED RED 265 20480 RAVE 235 4096 RAVE
500 8 RED RED 292 8192 RAVE 208 8192 RAVE
500 8 RED RED 291 8192 RAVE 209 16384 RAVE
500 8 RED RED 280 16384 RAVE 220 8192 RAVE
500 8 RED RED 286 8192 RAVE 214 40960 RAVE
500 8 RED RED 294 40960 RAVE 206 8192 RAVE
500 8 RED RED 286 16384 RAVE 214 16384 RAVE
500 8 RED RED 308 16384 RAVE 192 32768 RAVE
500 8 RED RED 295 32768 RAVE 205 16384 RAVE
500 8 RED RED 307 16384 RAVE 193 81920 RAVE
500 8 RED RED 295 81920 RAVE 205 16384 RAVE
500 8 RED RED 308 32768 RAVE 192 32768 RAVE
500 8 RED RED 281 32768 RAVE 219 65536 RAVE
500 8 RED RED 313 65536 RAVE 187 32768 RAVE
500 8 RED RED 279 163840 RAVE 221 32768 RAVE
500 8 RED RED 280 32768 RAVE 220 163840 RAVE
