500 10 RED BLUE 252 1 RAVE 248 1 RAVE
500 10 RED BLUE 253 1 RAVE 247 2 RAVE
500 10 RED BLUE 254 2 RAVE 246 1 RAVE
500 10 RED BLUE 260 1 RAVE 240 5 RAVE
500 10 RED RED 288 1 RAVE 212 5 RAVE
500 10 RED RED 257 2 RAVE 243 2 RAVE
500 10 RED BLUE 261 2 RAVE 239 4 RAVE
500 10 RED RED 251 10 RAVE 249 2 RAVE
500 10 RED BLUE 266 4 RAVE 234 2 RAVE
500 10 RED BLUE 257 10 RAVE 243 2 RAVE
500 10 RED RED 254 4 RAVE 246 4 RAVE
500 10 RED BLUE 260 4 RAVE 240 8 RAVE
500 10 RED BLUE 261 4 RAVE 239 20 RAVE
500 10 RED BLUE 272 8 RAVE 228 4 RAVE
500 10 RED RED 263 4 RAVE 237 20 RAVE
500 10 RED BLUE 258 8 RAVE 242 8 RAVE
500 10 RED BLUE 255 8 RAVE 245 16 RAVE
500 10 RED RED 252 40 RAVE 248 8 RAVE
500 10 RED BLUE 275 16 RAVE 225 8 RAVE
500 10 RED BLUE 276 40 RAVE 224 8 RAVE
500 10 RED BLUE 276 16 RAVE 224 16 RAVE
500 10 RED BLUE 286 16 RAVE 214 32 RAVE
500 10 RED BLUE 278 16 RAVE 222 80 RAVE
500 10 RED RED 267 16 RAVE 233 32 RAVE
500 10 RED BLUE 289 80 RAVE 211 16 RAVE
500 10 RED BLUE 254 32 RAVE 246 32 RAVE
500 10 RED RED 254 64 RAVE 246 32 RAVE
500 10 RED BLUE 258 32 RAVE 242 160 RAVE
500 10 RED BLUE 292 64 RAVE 208 32 RAVE
500 10 RED BLUE 285 160 RAVE 215 32 RAVE
500 10 RED BLUE 302 64 RAVE 198 64 RAVE
500 10 RED BLUE 277 64 RAVE 223 128 RAVE
500 10 RED BLUE 300 64 RAVE 200 320 RAVE
150 10 RED BLUE 91 320 RAVE 59 64 RAVE
500 10 RED RED 286 64 RAVE 214 128 RAVE
500 10 RED RED 261 128 RAVE 239 128 RAVE
500 10 RED RED 277 256 RAVE 223 128 RAVE
500 10 RED RED 277 640 RAVE 223 128 RAVE
500 10 RED BLUE 275 256 RAVE 225 128 RAVE
500 10 RED RED 253 128 RAVE 247 640 RAVE
500 10 RED BLUE 265 256 RAVE 235 512 RAVE
500 10 RED BLUE 255 256 RAVE 245 1280 RAVE
500 10 RED BLUE 260 512 RAVE 240 256 RAVE
500 10 RED RED 259 256 RAVE 241 1280 RAVE 
150 10 RED BLUE 85 256 RAVE 65 256 RAVE
500 10 RED RED 262 512 RAVE 238 512 RAVE
500 10 RED BLUE 267 512 RAVE 233 1024 RAVE
500 10 RED RED 264 512 RAVE 236 1024 RAVE
500 10 RED RED 271 512 RAVE 229 2560 RAVE
150 10 RED BLUE 84 512 RAVE 66 2560 RAVE
500 10 RED RED 282 1024 RAVE 218 1024 RAVE
500 10 RED RED 275 5120 RAVE 225 1024 RAVE 
500 10 RED RED 254 2048 RAVE 246 1024 RAVE
150 10 RED RED 79 1024 RAVE 71 2048 RAVE
500 10 RED RED 265 1024 RAVE 235 5120 RAVE
500 10 RED RED 255 2048 RAVE 245 2048 RAVE
500 10 RED RED 256 4096 RAVE 244 2048 RAVE
500 10 RED BLUE 256 4096 RAVE 244 2048 RAVE
500 10 RED RED 258 2048 RAVE 242 10240 RAVE
150 10 RED BLUE 77 2048 RAVE 73 10240 RAVE
500 10 RED RED 257 8192 RAVE 243 4096 RAVE
500 10 RED RED 274 20480 RAVE 226 4096 RAVE
500 10 RED RED 272 4096 RAVE 228 8192 RAVE
150 10 RED RED 91 4096 RAVE 59 20480 RAVE
150 10 RED RED 78 4096 RAVE 72 4096 RAVE
500 10 RED BLUE 255 8192 RAVE 245 40960 RAVE
500 10 RED RED 287 8192 RAVE 213 8192 RAVE
150 10 RED RED 82 8192 RAVE 68 16384 RAVE
150 10 RED RED 76 16384 RAVE 74 8192 RAVE
150 10 RED RED 86 8192 RAVE 64 40960 RAVE