500 1 RED RED 500 5 RAVE 0 1 RAVE
500 1 RED RED 500 1 RAVE 0 2 RAVE
500 1 RED RED 500 1 RAVE 0 1 RAVE
500 1 RED RED 500 10 RAVE 0 2 RAVE
500 1 RED RED 500 2 RAVE 0 4 RAVE
500 1 RED RED 500 1 RAVE 0 5 RAVE
500 1 RED RED 500 2 RAVE 0 10 RAVE
500 1 RED RED 500 4 RAVE 0 8 RAVE
500 1 RED RED 500 2 RAVE 0 1 RAVE
500 1 RED RED 500 2 RAVE 0 2 RAVE
500 1 RED RED 500 4 RAVE 0 2 RAVE
500 1 RED RED 500 4 RAVE 0 4 RAVE
500 1 RED RED 500 8 RAVE 0 4 RAVE
500 1 RED RED 500 20 RAVE 0 4 RAVE
500 1 RED RED 500 4 RAVE 0 20 RAVE
500 1 RED RED 500 16 RAVE 0 8 RAVE
500 1 RED RED 500 40 RAVE 0 8 RAVE
500 1 RED RED 500 8 RAVE 0 8 RAVE
500 1 RED RED 500 8 RAVE 0 16 RAVE
500 1 RED RED 500 16 RAVE 0 16 RAVE
500 1 RED RED 500 32 RAVE 0 16 RAVE
500 1 RED RED 500 16 RAVE 0 32 RAVE
500 1 RED RED 500 16 RAVE 0 80 RAVE
500 1 RED RED 500 8 RAVE 0 40 RAVE
500 1 RED RED 500 80 RAVE 0 16 RAVE
500 1 RED RED 500 32 RAVE 0 32 RAVE
500 1 RED RED 500 64 RAVE 0 128 RAVE
500 1 RED RED 500 32 RAVE 0 64 RAVE
500 1 RED RED 500 160 RAVE 0 32 RAVE
500 1 RED RED 500 64 RAVE 0 32 RAVE
500 1 RED RED 500 32 RAVE 0 160 RAVE
500 1 RED RED 500 128 RAVE 0 64 RAVE
500 1 RED RED 500 64 RAVE 0 64 RAVE
500 1 RED RED 500 320 RAVE 0 64 RAVE
500 1 RED RED 500 64 RAVE 0 320 RAVE
500 1 RED RED 500 128 RAVE 0 128 RAVE
500 1 RED RED 500 256 RAVE 0 128 RAVE
500 1 RED RED 500 640 RAVE 0 128 RAVE
500 1 RED RED 500 256 RAVE 0 256 RAVE
500 1 RED RED 500 128 RAVE 0 256 RAVE
500 1 RED RED 500 256 RAVE 0 512 RAVE
500 1 RED RED 500 512 RAVE 0 256 RAVE
500 1 RED RED 500 1280 RAVE 0 256 RAVE
500 1 RED RED 500 128 RAVE 0 640 RAVE
500 1 RED RED 500 512 RAVE 0 512 RAVE
500 1 RED RED 500 256 RAVE 0 1280 RAVE
500 1 RED RED 500 1024 RAVE 0 512 RAVE
500 1 RED RED 500 512 RAVE 0 1024 RAVE
500 1 RED RED 500 2560 RAVE 0 512 RAVE
500 1 RED RED 500 1024 RAVE 0 1024 RAVE
500 1 RED RED 500 2048 RAVE 0 1024 RAVE
500 1 RED RED 500 1024 RAVE 0 2048 RAVE
500 1 RED RED 500 5120 RAVE 0 1024 RAVE
500 1 RED RED 500 2048 RAVE 0 2048 RAVE
500 1 RED RED 500 512 RAVE 0 2560 RAVE
500 1 RED RED 500 4096 RAVE 0 2048 RAVE
500 1 RED RED 500 10240 RAVE 0 2048 RAVE
500 1 RED RED 500 2048 RAVE 0 4096 RAVE
500 1 RED RED 500 1024 RAVE 0 5120 RAVE
500 1 RED RED 500 4096 RAVE 0 4096 RAVE
500 1 RED RED 500 8192 RAVE 0 4096 RAVE
500 1 RED RED 500 20480 RAVE 0 4096 RAVE
500 1 RED RED 500 4096 RAVE 0 8192 RAVE
500 1 RED RED 500 2048 RAVE 0 10240 RAVE
500 1 RED RED 500 8192 RAVE 0 8192 RAVE
500 1 RED RED 500 16384 RAVE 0 8192 RAVE
500 1 RED RED 500 40960 RAVE 0 8192 RAVE
500 1 RED RED 500 8192 RAVE 0 16384 RAVE
500 1 RED RED 500 4096 RAVE 0 20480 RAVE
500 1 RED RED 500 16384 RAVE 0 16384 RAVE
500 1 RED RED 500 32768 RAVE 0 16384 RAVE
500 1 RED RED 500 81920 RAVE 0 16384 RAVE
500 1 RED RED 500 16384 RAVE 0 32768 RAVE
500 1 RED RED 500 8192 RAVE 0 40960 RAVE
500 1 RED RED 500 32768 RAVE 0 32768 RAVE
500 1 RED RED 500 65536 RAVE 0 32768 RAVE
500 1 RED RED 500 163840 RAVE 0 32768 RAVE
500 1 RED RED 500 32768 RAVE 0 65536 RAVE
500 1 RED RED 500 16384 RAVE 0 81920 RAVE
500 1 RED RED 500 32768 RAVE 0 163840 RAVE
