500 6 RED RED 253 1 RAVE 247 1 RAVE
500 6 RED BLUE 250 2 RAVE 250 1 RAVE
500 6 RED RED 253 2 RAVE 247 1 RAVE
500 6 RED RED 300 1 RAVE 200 5 RAVE
500 6 RED BLUE 253 1 RAVE 247 5 RAVE
500 6 RED BLUE 259 2 RAVE 241 2 RAVE
500 6 RED BLUE 265 4 RAVE 235 2 RAVE
500 6 RED BLUE 251 2 RAVE 249 4 RAVE
500 6 RED RED 260 2 RAVE 240 10 RAVE
500 6 RED RED 282 10 RAVE 218 2 RAVE
500 6 RED BLUE 277 4 RAVE 223 4 RAVE
500 6 RED BLUE 266 8 RAVE 234 4 RAVE
500 6 RED BLUE 263 4 RAVE 237 8 RAVE
500 6 RED RED 261 4 RAVE 239 20 RAVE
500 6 RED BLUE 263 4 RAVE 237 20 RAVE
500 6 RED BLUE 255 8 RAVE 245 8 RAVE
500 6 RED BLUE 301 16 RAVE 199 8 RAVE
500 6 RED BLUE 256 8 RAVE 244 16 RAVE
500 6 RED BLUE 265 40 RAVE 235 8 RAVE
500 6 RED BLUE 278 8 RAVE 222 40 RAVE
500 6 RED BLUE 316 16 RAVE 184 16 RAVE
500 6 RED RED 269 16 RAVE 231 32 RAVE
500 6 RED BLUE 305 16 RAVE 195 32 RAVE
500 6 RED BLUE 315 80 RAVE 185 16 RAVE
500 6 RED BLUE 307 16 RAVE 193 80 RAVE
500 6 RED RED 288 32 RAVE 212 32 RAVE
500 6 RED BLUE 332 64 RAVE 168 32 RAVE
500 6 RED RED 285 64 RAVE 215 32 RAVE
500 6 RED BLUE 256 160 RAVE 244 32 RAVE
500 6 RED RED 275 160 RAVE 225 32 RAVE
500 6 RED BLUE 339 64 RAVE 161 64 RAVE
500 6 RED RED 307 64 RAVE 193 128 RAVE
500 6 RED BLUE 335 64 RAVE 165 128 RAVE
500 6 RED BLUE 251 320 RAVE 249 64 RAVE
500 6 RED BLUE 330 64 RAVE 170 320 RAVE
500 6 RED RED 295 128 RAVE 205 128 RAVE
500 6 RED BLUE 285 256 RAVE 215 128 RAVE
500 6 RED RED 308 256 RAVE 192 128 RAVE
500 6 RED RED 284 128 RAVE 216 640 RAVE
500 6 RED RED 308 640 RAVE 192 128 RAVE
500 6 RED RED 288 512 RAVE 212 512 RAVE
500 6 RED RED 289 512 RAVE 211 1024 RAVE
500 6 RED RED 282 1024 RAVE 218 512 RAVE
500 6 RED RED 279 512 RAVE 221 2560 RAVE
500 6 RED RED 284 2560 RAVE 216 512 RAVE
500 6 RED RED 258 512 RAVE 242 512 RAVE
500 6 RED RED 264 512 RAVE 236 1024 RAVE
500 6 RED RED 281 1024 RAVE 219 512 RAVE
500 6 RED RED 290 512 RAVE 210 2560 RAVE
500 6 RED RED 260 2560 RAVE 240 512 RAVE
500 6 RED RED 286 1024 RAVE 214 1024 RAVE
500 6 RED RED 281 1024 RAVE 219 2048 RAVE
500 6 RED RED 276 2048 RAVE 224 1024 RAVE
500 6 RED RED 319 1024 RAVE 181 5120 RAVE
500 6 RED RED 260 5120 RAVE 240 1024 RAVE
500 6 RED RED 272 2048 RAVE 228 2048 RAVE
500 6 RED RED 297 2048 RAVE 203 4096 RAVE
500 6 RED RED 268 4096 RAVE 232 2048 RAVE
500 6 RED RED 315 2048 RAVE 185 10240 RAVE
500 6 RED RED 284 10240 RAVE 216 2048 RAVE
500 6 RED RED 299 4096 RAVE 201 4096 RAVE
500 6 RED RED 306 4096 RAVE 194 8192 RAVE
500 6 RED RED 291 8192 RAVE 209 4096 RAVE
500 6 RED RED 326 4096 RAVE 174 20480 RAVE
500 6 RED RED 313 20480 RAVE 187 4096 RAVE
500 6 RED RED 314 8192 RAVE 186 8192 RAVE
500 6 RED RED 324 8192 RAVE 176 16384 RAVE
500 6 RED RED 342 16384 RAVE 158 8192 RAVE
500 6 RED RED 317 8192 RAVE 183 40960 RAVE
500 6 RED RED 330 40960 RAVE 170 8192 RAVE
500 6 RED RED 327 16384 RAVE 173 16384 RAVE
500 6 RED RED 332 16384 RAVE 168 32768 RAVE
500 6 RED RED 326 32768 RAVE 174 16384 RAVE
500 6 RED RED 323 16384 RAVE 177 81920 RAVE
500 6 RED RED 318 81920 RAVE 182 16384 RAVE
500 6 RED RED 337 32768 RAVE 163 32768 RAVE
500 6 RED RED 328 32768 RAVE 172 65536 RAVE
500 6 RED RED 323 65536 RAVE 177 32768 RAVE
500 6 RED RED 317 32768 RAVE 183 163840 RAVE
500 6 RED RED 339 163840 RAVE 161 32768 RAVE
