500 5 RED RED 278 1 RAVE 222 1 RAVE
500 5 RED RED 301 1 RAVE 199 2 RAVE
500 5 RED RED 280 2 RAVE 220 1 RAVE
500 5 RED BLUE 285 5 RAVE 215 1 RAVE
500 5 RED RED 279 5 RAVE 221 1 RAVE
500 5 RED RED 293 2 RAVE 207 2 RAVE
500 5 RED RED 303 2 RAVE 197 4 RAVE
500 5 RED RED 262 4 RAVE 238 2 RAVE
500 5 RED RED 310 2 RAVE 190 10 RAVE
500 5 RED RED 283 10 RAVE 217 2 RAVE
500 5 RED RED 307 4 RAVE 193 4 RAVE
500 5 RED RED 309 4 RAVE 191 8 RAVE
500 5 RED RED 301 8 RAVE 199 4 RAVE
500 5 RED RED 265 4 RAVE 235 20 RAVE
500 5 RED RED 317 20 RAVE 183 4 RAVE
500 5 RED RED 293 8 RAVE 207 8 RAVE
500 5 RED RED 345 8 RAVE 155 16 RAVE
500 5 RED RED 282 16 RAVE 218 8 RAVE
500 5 RED RED 311 8 RAVE 189 40 RAVE
500 5 RED RED 308 40 RAVE 192 8 RAVE
500 5 RED RED 368 16 RAVE 132 16 RAVE
500 5 RED RED 253 16 RAVE 247 32 RAVE
500 5 RED RED 370 32 RAVE 130 16 RAVE
500 5 RED RED 340 16 RAVE 160 80 RAVE
500 5 RED RED 371 80 RAVE 129 16 RAVE
500 5 RED RED 267 32 RAVE 233 32 RAVE
500 5 RED RED 385 32 RAVE 115 64 RAVE
500 5 RED RED 251 64 RAVE 249 32 RAVE
500 5 RED RED 309 32 RAVE 191 160 RAVE
500 5 RED RED 272 160 RAVE 228 32 RAVE
500 5 RED RED 376 64 RAVE 124 64 RAVE
500 5 RED BLUE 275 128 RAVE 225 64 RAVE
500 5 RED RED 383 128 RAVE 117 64 RAVE
500 5 RED RED 300 64 RAVE 200 320 RAVE
500 5 RED RED 370 320 RAVE 130 64 RAVE
500 5 RED BLUE 293 128 RAVE 207 128 RAVE
500 5 RED RED 347 128 RAVE 153 256 RAVE
500 5 RED BLUE 267 128 RAVE 233 256 RAVE
500 5 RED RED 308 128 RAVE 192 640 RAVE
500 5 RED BLUE 265 128 RAVE 235 640 RAVE
500 5 RED RED 314 256 RAVE 186 256 RAVE
500 5 RED RED 316 256 RAVE 184 512 RAVE
500 5 RED RED 308 512 RAVE 192 256 RAVE
500 5 RED RED 310 256 RAVE 190 1280 RAVE
500 5 RED RED 329 1280 RAVE 171 256 RAVE
500 5 RED RED 312 512 RAVE 188 512 RAVE
500 5 RED RED 318 512 RAVE 182 1024 RAVE
500 5 RED RED 301 1024 RAVE 199 512 RAVE
500 5 RED RED 338 512 RAVE 162 2560 RAVE
500 5 RED RED 327 2560 RAVE 173 512 RAVE
500 5 RED RED 321 1024 RAVE 179 1024 RAVE
500 5 RED RED 332 1024 RAVE 168 2048 RAVE
500 5 RED RED 308 2048 RAVE 192 1024 RAVE
500 5 RED RED 332 1024 RAVE 168 5120 RAVE
500 5 RED RED 297 5120 RAVE 203 1024 RAVE
500 5 RED RED 304 2048 RAVE 196 2048 RAVE
500 5 RED RED 352 2048 RAVE 148 4096 RAVE
500 5 RED RED 338 4096 RAVE 162 2048 RAVE
500 5 RED RED 337 2048 RAVE 163 10240 RAVE
500 5 RED RED 319 10240 RAVE 181 2048 RAVE
500 5 RED RED 346 4096 RAVE 154 4096 RAVE
500 5 RED RED 341 4096 RAVE 159 8192 RAVE
500 5 RED RED 357 8192 RAVE 143 4096 RAVE
500 5 RED RED 347 4096 RAVE 153 20480 RAVE
500 5 RED RED 358 20480 RAVE 142 4096 RAVE
500 5 RED RED 348 8192 RAVE 152 8192 RAVE
500 5 RED RED 325 8192 RAVE 175 16384 RAVE
500 5 RED RED 350 16384 RAVE 150 8192 RAVE
500 5 RED RED 352 8192 RAVE 148 40960 RAVE
500 5 RED RED 357 40960 RAVE 143 8192 RAVE
500 5 RED RED 334 16384 RAVE 166 16384 RAVE
500 5 RED RED 356 16384 RAVE 144 32768 RAVE
500 5 RED RED 330 32768 RAVE 170 16384 RAVE
500 5 RED RED 335 16384 RAVE 165 81920 RAVE
500 5 RED RED 351 81920 RAVE 149 16384 RAVE
500 5 RED RED 348 32768 RAVE 152 32768 RAVE
500 5 RED RED 355 32768 RAVE 145 65536 RAVE
500 5 RED RED 336 65536 RAVE 164 32768 RAVE
500 5 RED RED 343 32768 RAVE 157 163840 RAVE
500 5 RED RED 355 163840 RAVE 145 32768 RAVE
