500 4 RED BLUE 251 1 RAVE 249 2 RAVE
500 4 RED BLUE 260 1 RAVE 240 5 RAVE
500 4 RED BLUE 259 1 RAVE 241 1 RAVE
500 4 RED RED 253 4 RAVE 247 2 RAVE
500 4 RED RED 261 2 RAVE 239 2 RAVE
500 4 RED BLUE 266 2 RAVE 234 1 RAVE
500 4 RED BLUE 252 2 RAVE 248 10 RAVE
500 4 RED BLUE 280 4 RAVE 220 4 RAVE
500 4 RED BLUE 254 4 RAVE 246 2 RAVE
500 4 RED RED 347 1 RAVE 153 5 RAVE
500 4 RED BLUE 274 8 RAVE 226 4 RAVE
500 4 RED BLUE 280 10 RAVE 220 2 RAVE
500 4 RED BLUE 281 4 RAVE 219 8 RAVE
500 4 RED BLUE 293 4 RAVE 207 20 RAVE
500 4 RED BLUE 275 8 RAVE 225 8 RAVE
500 4 RED BLUE 268 8 RAVE 232 16 RAVE
500 4 RED BLUE 260 8 RAVE 240 40 RAVE
500 4 RED BLUE 337 16 RAVE 163 8 RAVE
500 4 RED BLUE 353 16 RAVE 147 32 RAVE
500 4 RED RED 276 4 RAVE 224 20 RAVE
500 4 RED BLUE 344 16 RAVE 156 16 RAVE
500 4 RED RED 293 16 RAVE 207 32 RAVE
500 4 RED BLUE 341 16 RAVE 159 80 RAVE
500 4 RED RED 254 8 RAVE 246 40 RAVE
500 4 RED RED 297 32 RAVE 203 32 RAVE
500 4 RED RED 268 160 RAVE 232 32 RAVE
500 4 RED RED 288 64 RAVE 212 32 RAVE
500 4 RED BLUE 343 64 RAVE 157 32 RAVE
500 4 RED BLUE 357 64 RAVE 143 64 RAVE
500 4 RED BLUE 353 64 RAVE 147 128 RAVE
500 4 RED BLUE 286 80 RAVE 214 16 RAVE
500 4 RED BLUE 352 64 RAVE 148 320 RAVE
500 4 RED RED 288 64 RAVE 212 128 RAVE
500 4 RED RED 285 128 RAVE 215 128 RAVE
500 4 RED RED 281 32 RAVE 219 160 RAVE
500 4 RED RED 275 256 RAVE 225 128 RAVE
500 4 RED RED 298 640 RAVE 202 128 RAVE
500 4 RED RED 273 128 RAVE 227 256 RAVE
500 4 RED RED 251 256 RAVE 249 256 RAVE
500 4 RED RED 263 512 RAVE 237 256 RAVE
500 4 RED RED 287 64 RAVE 213 320 RAVE
500 4 RED BLUE 252 256 RAVE 248 1280 RAVE
500 4 RED RED 296 256 RAVE 204 512 RAVE
500 4 RED RED 311 512 RAVE 189 512 RAVE
500 4 RED RED 307 1024 RAVE 193 512 RAVE
500 4 RED RED 301 128 RAVE 199 640 RAVE
500 4 RED RED 290 2560 RAVE 210 512 RAVE
500 4 RED RED 341 512 RAVE 159 1024 RAVE
500 4 RED RED 342 1024 RAVE 158 1024 RAVE
500 4 RED RED 325 2048 RAVE 175 1024 RAVE
500 4 RED RED 332 256 RAVE 168 1280 RAVE
500 4 RED RED 325 5120 RAVE 175 1024 RAVE
500 4 RED RED 349 1024 RAVE 151 2048 RAVE
500 4 RED RED 350 2048 RAVE 150 2048 RAVE
500 4 RED RED 349 4096 RAVE 151 2048 RAVE
500 4 RED RED 365 512 RAVE 135 2560 RAVE
500 4 RED RED 360 10240 RAVE 140 2048 RAVE
500 4 RED RED 343 2048 RAVE 157 4096 RAVE
500 4 RED RED 353 1024 RAVE 147 5120 RAVE
500 4 RED RED 344 4096 RAVE 156 4096 RAVE
500 4 RED RED 353 8192 RAVE 147 4096 RAVE
500 4 RED RED 366 20480 RAVE 134 4096 RAVE
500 4 RED RED 338 2048 RAVE 162 10240 RAVE
500 4 RED RED 353 4096 RAVE 147 8192 RAVE
500 4 RED RED 354 16384 RAVE 146 8192 RAVE
500 4 RED RED 348 8192 RAVE 152 8192 RAVE
500 4 RED RED 341 40960 RAVE 159 8192 RAVE
500 4 RED RED 370 4096 RAVE 130 20480 RAVE
500 4 RED RED 343 8192 RAVE 157 16384 RAVE
500 4 RED RED 355 16384 RAVE 145 16384 RAVE
500 4 RED RED 343 32768 RAVE 157 16384 RAVE
500 4 RED RED 349 81920 RAVE 151 16384 RAVE
500 4 RED RED 347 16384 RAVE 153 32768 RAVE
500 4 RED RED 340 8192 RAVE 160 40960 RAVE
500 4 RED RED 337 32768 RAVE 163 32768 RAVE
500 4 RED RED 361 65536 RAVE 139 32768 RAVE
500 4 RED RED 349 163840 RAVE 151 32768 RAVE
500 4 RED RED 350 32768 RAVE 150 65536 RAVE
500 4 RED RED 341 16384 RAVE 159 81920 RAVE
500 4 RED RED 359 32768 RAVE 141 163840 RAVE
