500 2 RED RED 267 1 RAVE 233 1 RAVE
500 2 RED RED 261 4 RAVE 239 2 RAVE
500 2 RED RED 256 2 RAVE 244 1 RAVE
500 2 RED BLUE 261 2 RAVE 239 1 RAVE
500 2 RED RED 268 5 RAVE 232 1 RAVE
500 2 RED BLUE 257 2 RAVE 243 2 RAVE
500 2 RED RED 254 10 RAVE 246 2 RAVE
500 2 RED BLUE 298 4 RAVE 202 2 RAVE
500 2 RED RED 440 1 RAVE 60 5 RAVE
500 2 RED BLUE 297 4 RAVE 203 4 RAVE
500 2 RED BLUE 317 10 RAVE 183 2 RAVE
500 2 RED BLUE 290 8 RAVE 210 4 RAVE
500 2 RED BLUE 315 4 RAVE 185 20 RAVE
500 2 RED BLUE 328 4 RAVE 172 8 RAVE
500 2 RED BLUE 290 8 RAVE 210 8 RAVE
500 2 RED BLUE 270 8 RAVE 230 16 RAVE
500 2 RED RED 315 4 RAVE 185 20 RAVE
500 2 RED BLUE 320 16 RAVE 180 8 RAVE
500 2 RED BLUE 282 8 RAVE 218 40 RAVE
500 2 RED BLUE 316 16 RAVE 184 16 RAVE
500 2 RED RED 355 8 RAVE 145 40 RAVE
500 2 RED BLUE 280 16 RAVE 220 32 RAVE
500 2 RED RED 378 16 RAVE 122 32 RAVE
500 2 RED RED 410 16 RAVE 90 80 RAVE
500 2 RED BLUE 309 16 RAVE 191 80 RAVE
500 2 RED RED 375 32 RAVE 125 32 RAVE
500 2 RED RED 379 160 RAVE 121 32 RAVE
500 2 RED RED 364 64 RAVE 136 32 RAVE
500 2 RED RED 405 32 RAVE 95 64 RAVE
500 2 RED RED 395 64 RAVE 105 64 RAVE
500 2 RED RED 396 128 RAVE 104 64 RAVE
500 2 RED RED 392 320 RAVE 108 64 RAVE
500 2 RED RED 405 64 RAVE 95 128 RAVE
500 2 RED RED 410 32 RAVE 90 160 RAVE
500 2 RED RED 394 256 RAVE 106 128 RAVE
500 2 RED RED 421 128 RAVE 79 128 RAVE
500 2 RED RED 395 64 RAVE 105 320 RAVE
500 2 RED RED 401 128 RAVE 99 256 RAVE
500 2 RED RED 411 640 RAVE 89 128 RAVE
500 2 RED RED 395 256 RAVE 105 256 RAVE
500 2 RED RED 390 512 RAVE 110 256 RAVE
500 2 RED RED 401 1280 RAVE 99 256 RAVE
500 2 RED RED 402 256 RAVE 98 512 RAVE
500 2 RED RED 396 512 RAVE 104 512 RAVE
500 2 RED RED 385 128 RAVE 115 640 RAVE
500 2 RED RED 398 1024 RAVE 102 512 RAVE
500 2 RED RED 400 2560 RAVE 100 512 RAVE
500 2 RED RED 394 512 RAVE 106 1024 RAVE
500 2 RED RED 386 256 RAVE 114 1280 RAVE
500 2 RED RED 393 1024 RAVE 107 1024 RAVE
500 2 RED RED 390 2048 RAVE 110 1024 RAVE
500 2 RED RED 392 5120 RAVE 108 1024 RAVE
500 2 RED RED 390 1024 RAVE 110 2048 RAVE
500 2 RED RED 396 512 RAVE 104 2560 RAVE
500 2 RED RED 388 2048 RAVE 112 2048 RAVE
500 2 RED RED 392 4096 RAVE 108 2048 RAVE
500 2 RED RED 393 10240 RAVE 107 2048 RAVE
500 2 RED RED 388 2048 RAVE 112 4096 RAVE
500 2 RED RED 398 4096 RAVE 102 4096 RAVE
500 2 RED RED 396 1024 RAVE 104 5120 RAVE
500 2 RED RED 390 8192 RAVE 110 4096 RAVE
500 2 RED RED 388 20480 RAVE 112 4096 RAVE
500 2 RED RED 393 4096 RAVE 107 8192 RAVE
500 2 RED RED 390 2048 RAVE 110 10240 RAVE
500 2 RED RED 386 8192 RAVE 114 8192 RAVE
500 2 RED RED 406 16384 RAVE 94 8192 RAVE
500 2 RED RED 394 40960 RAVE 106 8192 RAVE
500 2 RED RED 397 8192 RAVE 103 16384 RAVE
500 2 RED RED 399 32768 RAVE 101 16384 RAVE
500 2 RED RED 407 16384 RAVE 93 16384 RAVE
500 2 RED RED 411 4096 RAVE 89 20480 RAVE
500 2 RED RED 382 81920 RAVE 118 16384 RAVE
500 2 RED RED 394 16384 RAVE 106 32768 RAVE
500 2 RED RED 417 32768 RAVE 83 32768 RAVE
500 2 RED RED 404 8192 RAVE 96 40960 RAVE
500 2 RED RED 390 65536 RAVE 110 32768 RAVE
500 2 RED RED 397 163840 RAVE 103 32768 RAVE
500 2 RED RED 404 32768 RAVE 96 65536 RAVE
500 2 RED RED 389 16384 RAVE 111 81920 RAVE
500 2 RED RED 396 32768 RAVE 104 163840 RAVE
