500 7 RED RED 289 1 RAVE 211 1 RAVE
500 7 RED RED 266 1 RAVE 234 2 RAVE
500 7 RED RED 269 2 RAVE 231 1 RAVE
500 7 RED BLUE 277 5 RAVE 223 1 RAVE
500 7 RED RED 287 5 RAVE 213 1 RAVE
500 7 RED RED 283 2 RAVE 217 2 RAVE
500 7 RED RED 281 2 RAVE 219 4 RAVE
500 7 RED RED 278 4 RAVE 222 2 RAVE
500 7 RED RED 267 2 RAVE 233 10 RAVE
500 7 RED RED 281 10 RAVE 219 2 RAVE
500 7 RED RED 278 4 RAVE 222 4 RAVE
500 7 RED RED 288 4 RAVE 212 8 RAVE
500 7 RED RED 279 8 RAVE 221 4 RAVE
500 7 RED RED 263 4 RAVE 237 20 RAVE
500 7 RED RED 287 20 RAVE 213 4 RAVE
500 7 RED RED 300 8 RAVE 200 8 RAVE
500 7 RED RED 323 8 RAVE 177 16 RAVE
500 7 RED RED 296 16 RAVE 204 8 RAVE
500 7 RED RED 313 8 RAVE 187 40 RAVE
500 7 RED RED 281 40 RAVE 219 8 RAVE
500 7 RED RED 336 16 RAVE 164 16 RAVE
500 7 RED BLUE 256 32 RAVE 244 16 RAVE
500 7 RED RED 306 32 RAVE 194 16 RAVE
500 7 RED RED 330 16 RAVE 170 80 RAVE
500 7 RED RED 305 80 RAVE 195 16 RAVE
500 7 RED BLUE 250 32 RAVE 250 32 RAVE
500 7 RED RED 327 32 RAVE 173 64 RAVE
500 7 RED BLUE 252 32 RAVE 248 64 RAVE
500 7 RED RED 291 32 RAVE 209 160 RAVE
500 7 RED RED 265 160 RAVE 235 32 RAVE
500 7 RED RED 348 64 RAVE 152 64 RAVE
500 7 RED BLUE 263 128 RAVE 237 64 RAVE
500 7 RED RED 354 128 RAVE 146 64 RAVE
500 7 RED RED 275 64 RAVE 225 320 RAVE
500 7 RED RED 333 320 RAVE 167 64 RAVE
500 7 RED BLUE 269 128 RAVE 231 128 RAVE
500 7 RED RED 309 128 RAVE 191 256 RAVE
500 7 RED BLUE 275 128 RAVE 225 256 RAVE
500 7 RED BLUE 257 640 RAVE 243 128 RAVE
500 7 RED BLUE 304 128 RAVE 196 640 RAVE
500 7 RED RED 316 256 RAVE 184 256 RAVE
500 7 RED RED 270 256 RAVE 230 512 RAVE
500 7 RED RED 301 512 RAVE 199 256 RAVE
500 7 RED RED 277 256 RAVE 223 1280 RAVE
500 7 RED RED 311 1280 RAVE 189 256 RAVE
500 7 RED RED 284 512 RAVE 216 512 RAVE
500 7 RED RED 273 512 RAVE 227 1024 RAVE
500 7 RED RED 275 1024 RAVE 225 512 RAVE
500 7 RED RED 278 512 RAVE 222 2560 RAVE
500 7 RED RED 256 2560 RAVE 244 512 RAVE
500 7 RED RED 266 1024 RAVE 234 1024 RAVE
500 7 RED RED 277 1024 RAVE 223 2048 RAVE
500 7 RED RED 271 2048 RAVE 229 1024 RAVE
500 7 RED RED 289 1024 RAVE 211 5120 RAVE
500 7 RED RED 258 5120 RAVE 242 1024 RAVE
500 7 RED RED 280 2048 RAVE 220 2048 RAVE
500 7 RED RED 294 2048 RAVE 206 4096 RAVE
500 7 RED RED 281 4096 RAVE 219 2048 RAVE
500 7 RED RED 294 2048 RAVE 206 10240 RAVE
500 7 RED RED 263 10240 RAVE 237 2048 RAVE
500 7 RED RED 307 4096 RAVE 193 4096 RAVE
500 7 RED RED 315 4096 RAVE 185 8192 RAVE
500 7 RED RED 275 8192 RAVE 225 4096 RAVE
500 7 RED RED 260 4096 RAVE 240 20480 RAVE
500 7 RED RED 283 20480 RAVE 217 4096 RAVE
500 7 RED RED 318 8192 RAVE 182 8192 RAVE
500 7 RED RED 284 8192 RAVE 216 16384 RAVE
500 7 RED RED 294 16384 RAVE 206 8192 RAVE
500 7 RED RED 280 8192 RAVE 220 40960 RAVE
500 7 RED RED 318 40960 RAVE 182 8192 RAVE
500 7 RED RED 297 16384 RAVE 203 16384 RAVE
500 7 RED RED 284 16384 RAVE 216 32768 RAVE
500 7 RED RED 277 32768 RAVE 223 16384 RAVE
500 7 RED RED 280 81920 RAVE 220 16384 RAVE
500 7 RED RED 281 16384 RAVE 219 81920 RAVE
500 7 RED RED 286 32768 RAVE 214 32768 RAVE
500 7 RED RED 281 32768 RAVE 219 65536 RAVE
500 7 RED RED 276 65536 RAVE 224 32768 RAVE
500 7 RED RED 294 163840 RAVE 206 32768 RAVE
500 7 RED RED 262 32768 RAVE 238 163480 RAVE