500 3 RED RED 335 1 RAVE 165 1 RAVE
500 3 RED RED 321 5 RAVE 179 1 RAVE
500 3 RED RED 352 10 RAVE 148 2 RAVE
500 3 RED RED 331 2 RAVE 169 1 RAVE
500 3 RED RED 330 4 RAVE 170 2 RAVE
500 3 RED RED 324 1 RAVE 176 2 RAVE
500 3 RED RED 374 4 RAVE 126 4 RAVE
500 3 RED RED 331 2 RAVE 169 2 RAVE
500 3 RED RED 364 2 RAVE 136 4 RAVE
500 3 RED BLUE 309 5 RAVE 191 1 RAVE
500 3 RED RED 368 2 RAVE 132 10 RAVE
500 3 RED RED 357 4 RAVE 143 8 RAVE
500 3 RED RED 379 8 RAVE 121 4 RAVE
500 3 RED RED 367 20 RAVE 133 4 RAVE
500 3 RED RED 346 8 RAVE 154 8 RAVE
500 3 RED RED 364 16 RAVE 136 8 RAVE
500 3 RED RED 342 40 RAVE 158 8 RAVE
500 3 RED RED 283 4 RAVE 217 20 RAVE
500 3 RED RED 439 8 RAVE 61 16 RAVE
500 3 RED RED 438 16 RAVE 62 16 RAVE
500 3 RED RED 420 32 RAVE 80 16 RAVE
500 3 RED RED 438 80 RAVE 62 16 RAVE
500 3 RED RED 294 8 RAVE 206 40 RAVE
500 3 RED RED 334 16 RAVE 166 32 RAVE
500 3 RED RED 336 32 RAVE 164 32 RAVE
500 3 RED RED 352 64 RAVE 148 32 RAVE
500 3 RED RED 338 16 RAVE 162 80 RAVE
500 3 RED RED 333 160 RAVE 167 32 RAVE
500 3 RED RED 361 32 RAVE 139 64 RAVE
500 3 RED RED 353 128 RAVE 147 64 RAVE
500 3 RED RED 375 64 RAVE 125 64 RAVE
500 3 RED RED 369 320 RAVE 131 64 RAVE
500 3 RED RED 319 64 RAVE 181 128 RAVE
500 3 RED RED 337 32 RAVE 163 160 RAVE
500 3 RED RED 286 128 RAVE 214 128 RAVE
500 3 RED RED 313 256 RAVE 187 128 RAVE
500 3 RED RED 325 640 RAVE 175 128 RAVE
500 3 RED RED 369 128 RAVE 131 256 RAVE
500 3 RED RED 356 64 RAVE 144 320 RAVE
500 3 RED RED 386 256 RAVE 114 256 RAVE
500 3 RED RED 384 512 RAVE 116 256 RAVE
500 3 RED RED 369 1280 RAVE 131 256 RAVE
500 3 RED RED 386 256 RAVE 114 512 RAVE
500 3 RED RED 404 512 RAVE 96 512 RAVE
500 3 RED RED 386 1024 RAVE 114 512 RAVE
500 3 RED RED 391 128 RAVE 109 640 RAVE
500 3 RED RED 383 2560 RAVE 117 512 RAVE
500 3 RED RED 373 512 RAVE 127 1024 RAVE
500 3 RED RED 361 1024 RAVE 139 1024 RAVE
500 3 RED RED 365 256 RAVE 135 1280 RAVE
500 3 RED RED 378 2048 RAVE 122 1024 RAVE
500 3 RED RED 385 5120 RAVE 115 1024 RAVE
500 3 RED RED 379 1024 RAVE 121 2048 RAVE
500 3 RED RED 370 512 RAVE 130 2560 RAVE
500 3 RED RED 371 2048 RAVE 129 2048 RAVE
500 3 RED RED 366 4096 RAVE 134 2048 RAVE
500 3 RED RED 384 10240 RAVE 116 2048 RAVE
500 3 RED RED 364 2048 RAVE 136 4096 RAVE
500 3 RED RED 385 1024 RAVE 115 5120 RAVE
500 3 RED RED 395 8192 RAVE 105 4096 RAVE
500 3 RED RED 380 4096 RAVE 120 4096 RAVE
500 3 RED RED 377 20480 RAVE 123 4096 RAVE
500 3 RED RED 355 4096 RAVE 145 8192 RAVE
500 3 RED RED 367 2048 RAVE 133 10240 RAVE
500 3 RED RED 364 8192 RAVE 136 8192 RAVE
500 3 RED RED 375 16384 RAVE 125 8192 RAVE
500 3 RED RED 383 40960 RAVE 117 8192 RAVE
500 3 RED RED 381 8192 RAVE 119 16384 RAVE
500 3 RED RED 372 4096 RAVE 128 20480 RAVE
500 3 RED RED 387 16384 RAVE 113 16384 RAVE
500 3 RED RED 395 32768 RAVE 105 16384 RAVE
500 3 RED RED 373 81920 RAVE 127 16384 RAVE
500 3 RED RED 398 16384 RAVE 102 32768 RAVE
500 3 RED RED 378 8192 RAVE 122 40960 RAVE
500 3 RED RED 375 32768 RAVE 125 32768 RAVE
500 3 RED RED 378 65536 RAVE 122 32768 RAVE
500 3 RED RED 379 163840 RAVE 121 32768 RAVE
500 3 RED RED 361 32768 RAVE 139 65536 RAVE
500 3 RED RED 378 16384 RAVE 122 81920 RAVE
500 3 RED RED 381 32768 RAVE 119 163840 RAVE
