500 10 RED BLUE 254 1 MCTS 246 1 RAVE
500 10 RED RED 252 1 RAVE 248 2 MCTS
500 10 RED RED 266 2 RAVE 234 1 MCTS
500 10 RED RED 280 1 RAVE 220 5 MCTS
500 10 RED BLUE 256 1 MCTS 244 5 RAVE
500 10 RED RED 255 2 RAVE 245 2 MCTS
500 10 RED BLUE 262 4 MCTS 238 2 RAVE
500 10 RED RED 252 4 RAVE 248 2 MCTS
500 10 RED BLUE 265 10 MCTS 235 2 RAVE
500 10 RED BLUE 254 2 MCTS 246 10 RAVE
500 10 RED BLUE 261 4 MCTS 239 4 RAVE
500 10 RED BLUE 268 8 MCTS 232 4 RAVE
500 10 RED RED 263 8 RAVE 237 4 MCTS
500 10 RED RED 265 4 RAVE 235 20 MCTS
500 10 RED BLUE 256 4 MCTS 244 20 RAVE
500 10 RED BLUE 254 8 MCTS 246 8 RAVE
500 10 RED BLUE 283 16 MCTS 217 8 RAVE
500 10 RED BLUE 260 8 MCTS 240 16 RAVE
500 10 RED BLUE 269 40 MCTS 231 8 RAVE
500 10 RED BLUE 267 8 MCTS 233 40 RAVE
500 10 RED BLUE 303 16 MCTS 197 16 RAVE
500 10 RED RED 258 16 RAVE 242 32 MCTS
500 10 RED BLUE 287 16 MCTS 213 32 RAVE
500 10 RED BLUE 300 80 MCTS 200 16 RAVE
500 10 RED BLUE 257 16 MCTS 243 80 RAVE
500 10 RED RED 269 32 RAVE 231 32 MCTS
500 10 RED BLUE 304 64 MCTS 196 32 RAVE
500 10 RED RED 259 64 RAVE 241 32 MCTS
500 10 RED BLUE 276 160 MCTS 224 32 RAVE
500 10 RED RED 256 160 RAVE 244 32 MCTS
500 10 RED BLUE 295 64 MCTS 205 64 RAVE
500 10 RED RED 278 64 RAVE 222 128 MCTS
500 10 RED BLUE 295 64 MCTS 205 128 RAVE
500 10 RED BLUE 314 320 MCTS 186 64 RAVE
500 10 RED BLUE 294 64 MCTS 206 320 RAVE
500 10 RED RED 289 128 RAVE 211 128 MCTS
500 10 RED BLUE 260 256 MCTS 240 128 RAVE
500 10 RED RED 282 256 RAVE 218 128 MCTS
500 10 RED BLUE 251 640 MCTS 249 128 RAVE
500 10 RED RED 281 640 RAVE 219 128 MCTS
500 10 RED BLUE 274 256 MCTS 226 256 RAVE
500 10 RED RED 270 256 RAVE 230 512 MCTS
500 10 RED BLUE 269 256 MCTS 231 512 RAVE
500 10 RED RED 270 256 RAVE 230 1280 MCTS
500 10 RED BLUE 259 256 MCTS 241 1280 RAVE
500 10 RED BLUE 263 512 MCTS 237 512 RAVE
500 10 RED RED 266 512 RAVE 234 1024 MCTS
500 10 RED RED 255 1024 RAVE 245 512 MCTS
500 10 RED RED 263 512 RAVE 237 2560 MCTS
500 10 RED BLUE 254 512 MCTS 246 2560 RAVE
500 10 RED RED 274 1024 RAVE 226 1024 MCTS
500 10 RED RED 277 1024 RAVE 223 1024 MCTS
250 10 RED RED 129 1024 RAVE 121 2048 MCTS
250 10 RED RED 130 2048 RAVE 120 1024 MCTS
250 10 RED RED 136 1024 RAVE 114 5120 MCTS
250 10 RED RED 140 5120 RAVE 110 1024 MCTS
250 10 RED BLUE 125 2048 MCTS 125 2048 RAVE
250 10 RED RED 145 2048 RAVE 105 4096 MCTS
250 10 RED BLUE 130 2048 MCTS 120 4096 RAVE
250 10 RED RED 134 2048 RAVE 116 10240 MCTS
250 10 RED BLUE 127 2048 MCTS 123 10240 RAVE
250 10 RED RED 126 4096 RAVE 124 4096 MCTS
250 10 RED BLUE 128 8192 MCTS 122 4096 RAVE
250 10 RED RED 142 8192 RAVE 108 4096 MCTS
250 10 RED RED 136 4096 RAVE 114 20480 MCTS
250 10 RED BLUE 127 4096 MCTS 123 20480 RAVE
250 10 RED RED 127 8192 RAVE 123 8192 MCTS
250 10 RED RED 138 8192 RAVE 112 16384 MCTS
250 10 RED BLUE 130 8192 MCTS 120 16384 RAVE
250 10 RED RED 133 8192 RAVE 117 40960 MCTS