500 2 RED RED 264 1 RAVE 236 1 MCTS
500 2 RED BLUE 253 2 MCTS 247 4 RAVE
500 2 RED BLUE 257 1 MCTS 243 5 RAVE
500 2 RED BLUE 264 1 MCTS 236 2 RAVE
500 2 RED BLUE 279 4 MCTS 221 2 RAVE
500 2 RED BLUE 264 2 MCTS 236 1 RAVE
500 2 RED RED 261 2 RAVE 239 2 MCTS
500 2 RED BLUE 304 10 MCTS 196 2 RAVE
500 2 RED RED 436 1 RAVE 64 5 MCTS
500 2 RED RED 268 10 RAVE 232 2 MCTS
500 2 RED BLUE 305 4 MCTS 195 4 RAVE
500 2 RED BLUE 293 8 MCTS 207 4 RAVE
500 2 RED RED 303 4 RAVE 197 20 MCTS
500 2 RED BLUE 319 4 MCTS 181 8 RAVE
500 2 RED BLUE 300 4 MCTS 200 20 RAVE
500 2 RED BLUE 292 16 MCTS 208 8 RAVE
500 2 RED BLUE 293 8 MCTS 207 16 RAVE
500 2 RED BLUE 278 8 MCTS 222 8 RAVE
500 2 RED RED 358 8 RAVE 142 40 MCTS
500 2 RED BLUE 278 8 MCTS 222 40 RAVE
500 2 RED RED 367 16 RAVE 133 32 MCTS
500 2 RED BLUE 290 16 MCTS 210 16 RAVE
500 2 RED BLUE 294 16 MCTS 206 32 RAVE
500 2 RED RED 372 32 RAVE 128 32 MCTS
500 2 RED BLUE 305 16 MCTS 195 80 RAVE
500 2 RED RED 421 16 RAVE 79 80 MCTS
500 2 RED RED 386 32 RAVE 114 64 MCTS
500 2 RED RED 369 64 RAVE 131 32 MCTS
500 2 RED RED 379 160 RAVE 121 32 MCTS
500 2 RED RED 402 64 RAVE 98 64 MCTS
500 2 RED RED 408 32 RAVE 92 160 MCTS
500 2 RED RED 384 128 RAVE 116 64 MCTS
500 2 RED RED 418 64 RAVE 82 128 MCTS
500 2 RED RED 382 320 RAVE 118 64 MCTS
500 2 RED RED 405 64 RAVE 95 320 MCTS
500 2 RED RED 400 256 RAVE 100 128 MCTS
500 2 RED RED 412 128 RAVE 88 128 MCTS
500 2 RED RED 417 640 RAVE 83 128 MCTS
500 2 RED RED 397 128 RAVE 103 256 MCTS
500 2 RED RED 399 256 RAVE 101 256 MCTS
500 2 RED RED 380 512 RAVE 120 256 MCTS
500 2 RED RED 387 1280 RAVE 113 256 MCTS
500 2 RED RED 400 128 RAVE 100 640 MCTS
500 2 RED RED 393 256 RAVE 107 512 MCTS
500 2 RED RED 390 512 RAVE 110 512 MCTS
500 2 RED RED 394 2560 RAVE 106 512 MCTS
500 2 RED RED 391 1024 RAVE 109 512 MCTS
500 2 RED RED 395 256 RAVE 105 1280 MCTS
500 2 RED RED 394 512 RAVE 106 1024 MCTS
500 2 RED RED 402 1024 RAVE 98 1024 MCTS
500 2 RED RED 394 2048 RAVE 106 1024 MCTS
500 2 RED RED 402 5120 RAVE 98 1024 MCTS
500 2 RED RED 395 1024 RAVE 105 2048 MCTS
500 2 RED RED 416 512 RAVE 84 2560 MCTS
500 2 RED RED 401 2048 RAVE 99 2048 MCTS
500 2 RED RED 400 4096 RAVE 100 2048 MCTS
500 2 RED RED 396 10240 RAVE 104 2048 MCTS
500 2 RED RED 397 2048 RAVE 103 4096 MCTS
500 2 RED RED 400 1024 RAVE 100 5120 MCTS
500 2 RED RED 381 4096 RAVE 119 4096 MCTS
500 2 RED RED 395 8192 RAVE 105 4096 MCTS
500 2 RED RED 409 20480 RAVE 91 4096 MCTS
500 2 RED RED 382 4096 RAVE 118 8192 MCTS
500 2 RED RED 397 2048 RAVE 103 10240 MCTS
500 2 RED RED 394 8192 RAVE 106 8192 MCTS
500 2 RED RED 401 16384 RAVE 99 8192 MCTS
500 2 RED RED 388 40960 RAVE 112 8192 MCTS
500 2 RED RED 407 8192 RAVE 93 16384 MCTS
500 2 RED RED 390 16384 RAVE 110 16384 MCTS
500 2 RED RED 402 4096 RAVE 98 20480 MCTS
500 2 RED RED 385 32768 RAVE 115 16384 MCTS
500 2 RED RED 380 81920 RAVE 120 16384 MCTS
500 2 RED RED 400 16384 RAVE 100 32768 MCTS
500 2 RED RED 404 32768 RAVE 96 32768 MCTS
500 2 RED RED 396 8192 RAVE 104 40960 MCTS
500 2 RED RED 375 65536 RAVE 125 32768 MCTS
500 2 RED RED 394 163840 RAVE 106 32768 MCTS
500 2 RED RED 382 32768 RAVE 118 65536 MCTS
500 2 RED RED 386 16384 RAVE 114 81920 MCTS
500 2 RED RED 391 32768 RAVE 109 163840 MCTS
