500 4 RED BLUE 251 1 MCTS 249 5 RAVE
500 4 RED RED 251 1 RAVE 249 1 MCTS
500 4 RED BLUE 258 1 MCTS 242 2 RAVE
500 4 RED BLUE 250 2 MCTS 250 2 RAVE
500 4 RED RED 255 1 RAVE 245 2 MCTS
500 4 RED BLUE 253 2 MCTS 247 4 RAVE
500 4 RED BLUE 273 4 MCTS 227 2 RAVE
500 4 RED RED 349 1 RAVE 151 5 MCTS
500 4 RED RED 254 2 RAVE 246 10 MCTS
500 4 RED BLUE 250 2 MCTS 250 10 RAVE
500 4 RED BLUE 272 4 MCTS 228 4 RAVE
500 4 RED BLUE 262 8 MCTS 238 8 RAVE
500 4 RED BLUE 275 4 MCTS 225 8 RAVE
500 4 RED BLUE 281 4 MCTS 219 20 RAVE
500 4 RED BLUE 258 8 MCTS 242 4 RAVE
500 4 RED BLUE 261 8 MCTS 239 16 RAVE
500 4 RED BLUE 346 16 MCTS 154 8 RAVE
500 4 RED RED 298 4 RAVE 202 20 MCTS
500 4 RED BLUE 278 8 MCTS 222 40 RAVE
500 4 RED BLUE 341 16 MCTS 159 16 RAVE
500 4 RED BLUE 353 16 MCTS 147 32 RAVE
500 4 RED BLUE 340 16 MCTS 160 80 RAVE
500 4 RED RED 277 32 RAVE 223 32 MCTS
500 4 RED RED 291 16 RAVE 209 32 MCTS
500 4 RED BLUE 269 40 MCTS 231 8 RAVE
500 4 RED RED 263 64 RAVE 237 32 MCTS
500 4 RED RED 289 160 RAVE 211 32 MCTS
500 4 RED BLUE 358 64 MCTS 142 32 RAVE
500 4 RED BLUE 269 80 MCTS 231 16 RAVE
500 4 RED BLUE 337 64 MCTS 163 64 RAVE
500 4 RED BLUE 354 64 MCTS 146 128 RAVE
500 4 RED BLUE 342 64 MCTS 158 320 RAVE
500 4 RED RED 287 64 RAVE 213 128 MCTS
500 4 RED RED 297 32 RAVE 203 160 MCTS
500 4 RED RED 294 128 RAVE 206 128 MCTS
500 4 RED RED 306 256 RAVE 194 128 MCTS
500 4 RED RED 280 640 RAVE 220 128 MCTS
500 4 RED RED 265 128 RAVE 235 256 MCTS
500 4 RED RED 304 64 RAVE 196 320 MCTS
500 4 RED RED 277 256 RAVE 223 256 MCTS
500 4 RED RED 265 512 RAVE 235 256 MCTS
500 4 RED RED 273 1280 RAVE 227 256 MCTS
500 4 RED RED 312 256 RAVE 188 512 MCTS
500 4 RED RED 315 512 RAVE 185 512 MCTS
500 4 RED RED 305 128 RAVE 195 640 MCTS
500 4 RED RED 307 1024 RAVE 193 512 MCTS
500 4 RED RED 322 2560 RAVE 178 512 MCTS
500 4 RED RED 346 512 RAVE 154 1024 MCTS
500 4 RED RED 346 1024 RAVE 154 1024 MCTS
500 4 RED RED 351 256 RAVE 149 1280 MCTS
500 4 RED RED 318 2048 RAVE 182 1024 MCTS
500 4 RED RED 333 5120 RAVE 167 1024 MCTS
500 4 RED RED 351 1024 RAVE 149 2048 MCTS
500 4 RED RED 350 2048 RAVE 150 2048 MCTS
500 4 RED RED 341 512 RAVE 159 2560 MCTS
500 4 RED RED 368 4096 RAVE 132 2048 MCTS
500 4 RED RED 351 10240 RAVE 149 2048 MCTS
500 4 RED RED 359 1024 RAVE 141 5120 MCTS
500 4 RED RED 349 2048 RAVE 151 4096 MCTS
500 4 RED RED 355 4096 RAVE 145 4096 MCTS
500 4 RED RED 361 8192 RAVE 139 4096 MCTS
500 4 RED RED 343 20480 RAVE 157 4096 MCTS
500 4 RED RED 348 2048 RAVE 152 10240 MCTS
500 4 RED RED 351 4096 RAVE 149 8192 MCTS
500 4 RED RED 353 8192 RAVE 147 8192 MCTS
500 4 RED RED 358 16384 RAVE 142 8192 MCTS
500 4 RED RED 342 40960 RAVE 158 8192 MCTS
500 4 RED RED 343 4096 RAVE 157 20480 MCTS
500 4 RED RED 355 8192 RAVE 145 16384 MCTS
500 4 RED RED 357 16384 RAVE 143 16384 MCTS
500 4 RED RED 364 32768 RAVE 136 16384 MCTS
500 4 RED RED 344 81920 RAVE 156 16384 MCTS
500 4 RED RED 359 16384 RAVE 141 32768 MCTS
500 4 RED RED 361 8192 RAVE 139 40960 MCTS
500 4 RED RED 354 32768 RAVE 146 32768 MCTS
500 4 RED RED 391 65536 RAVE 109 32768 MCTS
500 4 RED RED 356 163840 RAVE 144 32768 MCTS
500 4 RED RED 348 32768 RAVE 152 65536 MCTS
500 4 RED RED 337 16384 RAVE 163 81920 MCTS
500 4 RED RED 350 32768 RAVE 150 163840 MCTS
