500 7 RED RED 261 1 RAVE 239 1 MCTS
500 7 RED RED 288 1 RAVE 212 2 MCTS
500 7 RED RED 286 2 RAVE 214 1 MCTS
500 7 RED BLUE 288 5 MCTS 212 1 RAVE
500 7 RED RED 293 5 RAVE 207 1 MCTS
500 7 RED RED 261 2 RAVE 239 2 MCTS
500 7 RED RED 271 2 RAVE 229 4 MCTS
500 7 RED RED 283 4 RAVE 217 2 MCTS
500 7 RED RED 279 2 RAVE 221 10 MCTS
500 7 RED RED 291 10 RAVE 209 2 MCTS
500 7 RED RED 284 4 RAVE 216 4 MCTS
500 7 RED RED 285 4 RAVE 215 8 MCTS
500 7 RED RED 251 8 RAVE 249 4 MCTS
500 7 RED RED 251 4 RAVE 249 20 MCTS
500 7 RED RED 304 20 RAVE 196 4 MCTS
500 7 RED RED 279 8 RAVE 221 8 MCTS
500 7 RED RED 341 8 RAVE 159 16 MCTS
500 7 RED RED 280 16 RAVE 220 8 MCTS
500 7 RED RED 308 8 RAVE 192 40 MCTS
500 7 RED RED 287 40 RAVE 213 8 MCTS
500 7 RED RED 319 16 RAVE 181 16 MCTS
500 7 RED BLUE 262 32 MCTS 238 16 RAVE
500 7 RED RED 328 32 RAVE 172 16 MCTS
500 7 RED RED 324 16 RAVE 176 80 MCTS
500 7 RED RED 328 80 RAVE 172 16 MCTS
500 7 RED RED 254 32 RAVE 246 32 MCTS
500 7 RED RED 359 32 RAVE 141 64 MCTS
500 7 RED RED 263 64 RAVE 237 32 MCTS
500 7 RED RED 313 32 RAVE 187 160 MCTS
500 7 RED RED 253 160 RAVE 247 32 MCTS
500 7 RED RED 353 64 RAVE 147 64 MCTS
500 7 RED BLUE 278 128 MCTS 222 64 RAVE
500 7 RED RED 359 128 RAVE 141 64 MCTS
500 7 RED RED 279 64 RAVE 221 320 MCTS
500 7 RED RED 340 320 RAVE 160 64 MCTS
500 7 RED BLUE 284 128 MCTS 216 128 RAVE
500 7 RED RED 311 128 RAVE 189 256 MCTS
500 7 RED BLUE 294 128 MCTS 206 256 RAVE
500 7 RED RED 255 128 RAVE 245 640 MCTS
500 7 RED BLUE 292 128 MCTS 208 640 RAVE
500 7 RED RED 311 256 RAVE 189 256 MCTS
500 7 RED RED 273 256 RAVE 227 512 MCTS
500 7 RED RED 317 512 RAVE 183 256 MCTS
500 7 RED RED 292 256 RAVE 208 1280 MCTS
500 7 RED RED 305 1280 RAVE 195 256 MCTS
500 7 RED RED 265 512 RAVE 235 512 MCTS
500 7 RED RED 279 512 RAVE 221 1024 MCTS
500 7 RED RED 265 1024 RAVE 235 512 MCTS
500 7 RED RED 287 512 RAVE 213 2560 MCTS
500 7 RED BLUE 267 512 MCTS 233 2560 RAVE
500 7 RED RED 282 1024 RAVE 218 1024 MCTS
500 7 RED RED 287 1024 RAVE 213 2048 MCTS
500 7 RED RED 278 2048 RAVE 222 1024 MCTS
500 7 RED RED 297 1024 RAVE 203 5120 MCTS
500 7 RED RED 272 5120 RAVE 228 1024 MCTS
500 7 RED RED 260 2048 RAVE 240 2048 MCTS
500 7 RED RED 297 2048 RAVE 203 4096 MCTS
500 7 RED RED 262 4096 RAVE 238 2048 MCTS
500 7 RED RED 307 2048 RAVE 193 10240 MCTS
500 7 RED RED 288 10240 RAVE 212 2048 MCTS
500 7 RED RED 312 4096 RAVE 188 4096 MCTS
500 7 RED RED 313 4096 RAVE 187 8192 MCTS
500 7 RED RED 292 8192 RAVE 208 4096 MCTS
500 7 RED RED 287 4096 RAVE 213 20480 MCTS
500 7 RED RED 295 20480 RAVE 205 4096 MCTS
500 7 RED RED 310 16384 RAVE 190 8192 MCTS
500 7 RED RED 293 8192 RAVE 207 8192 MCTS
500 7 RED RED 303 8192 RAVE 197 16384 MCTS
500 7 RED RED 279 8192 RAVE 221 40960 MCTS
500 7 RED RED 309 40960 RAVE 191 8192 MCTS
500 7 RED RED 286 16384 RAVE 214 16384 MCTS
500 7 RED RED 282 16384 RAVE 218 32768 MCTS
500 7 RED RED 303 32768 RAVE 197 16384 MCTS
500 7 RED RED 300 16384 RAVE 200 81920 MCTS
500 7 RED RED 303 81920 RAVE 197 16384 MCTS
500 7 RED RED 285 32768 RAVE 215 32768 MCTS
