500 6 RED BLUE 254 1 MCTS 246 1 RAVE
500 6 RED BLUE 273 1 MCTS 227 5 RAVE
500 6 RED RED 266 2 RAVE 234 1 MCTS
500 6 RED BLUE 263 2 MCTS 237 4 RAVE
500 6 RED RED 260 1 RAVE 240 2 MCTS
500 6 RED BLUE 255 2 MCTS 245 2 RAVE
500 6 RED BLUE 259 4 MCTS 241 2 RAVE
500 6 RED RED 310 1 RAVE 190 5 MCTS
500 6 RED BLUE 269 2 MCTS 231 10 RAVE
500 6 RED BLUE 264 10 MCTS 236 2 RAVE
500 6 RED BLUE 273 4 MCTS 227 8 RAVE
500 6 RED BLUE 272 4 MCTS 228 4 RAVE
500 6 RED BLUE 274 4 MCTS 226 20 RAVE
500 6 RED BLUE 264 8 MCTS 236 4 RAVE
500 6 RED RED 254 8 RAVE 246 8 MCTS
500 6 RED BLUE 261 8 MCTS 239 16 RAVE
500 6 RED BLUE 254 8 MCTS 246 40 RAVE
500 6 RED BLUE 310 16 MCTS 190 8 RAVE
500 6 RED RED 283 4 RAVE 217 20 MCTS
500 6 RED BLUE 301 16 MCTS 199 16 RAVE
500 6 RED BLUE 309 16 MCTS 191 32 RAVE
500 6 RED BLUE 334 16 MCTS 166 80 RAVE
500 6 RED RED 257 16 RAVE 243 32 MCTS
500 6 RED RED 289 32 RAVE 211 32 MCTS
500 6 RED BLUE 264 40 MCTS 236 8 RAVE
500 6 RED RED 279 64 RAVE 221 32 MCTS
500 6 RED RED 292 160 RAVE 208 32 MCTS
500 6 RED BLUE 350 64 MCTS 150 32 RAVE
500 6 RED BLUE 346 64 MCTS 154 64 RAVE
500 6 RED BLUE 313 80 MCTS 187 16 RAVE
500 6 RED BLUE 340 64 MCTS 160 128 RAVE
500 6 RED BLUE 331 64 MCTS 169 320 RAVE
500 6 RED RED 324 64 RAVE 176 128 MCTS
500 6 RED RED 319 128 RAVE 181 128 MCTS
500 6 RED RED 291 256 RAVE 209 128 MCTS
500 6 RED BLUE 255 160 MCTS 245 32 RAVE
500 6 RED RED 295 640 RAVE 205 128 MCTS
500 6 RED BLUE 274 256 MCTS 226 128 RAVE
500 6 RED BLUE 291 256 MCTS 209 256 RAVE
500 6 RED RED 263 64 RAVE 237 320 MCTS
500 6 RED BLUE 284 256 MCTS 216 512 RAVE
500 6 RED BLUE 290 256 MCTS 210 1280 RAVE
500 6 RED RED 258 256 RAVE 242 512 MCTS
500 6 RED RED 270 128 RAVE 230 640 MCTS
500 6 RED RED 263 256 RAVE 237 1280 MCTS
500 6 RED RED 275 512 RAVE 225 512 MCTS
500 6 RED RED 273 512 RAVE 227 1024 MCTS
500 6 RED RED 271 1024 RAVE 229 512 MCTS
500 6 RED RED 301 512 RAVE 199 2560 MCTS
500 6 RED RED 285 2560 RAVE 215 512 MCTS
500 6 RED RED 265 1024 RAVE 235 1024 MCTS
500 6 RED RED 261 1024 RAVE 239 2048 MCTS
500 6 RED RED 260 2048 RAVE 240 1024 MCTS
500 6 RED RED 309 1024 RAVE 191 5120 MCTS
500 6 RED RED 262 5120 RAVE 238 1024 MCTS
500 6 RED RED 293 2048 RAVE 207 2048 MCTS
500 6 RED RED 315 2048 RAVE 185 4096 MCTS
500 6 RED RED 289 4096 RAVE 211 2048 MCTS
500 6 RED RED 337 2048 RAVE 163 10240 MCTS
500 6 RED RED 284 10240 RAVE 216 2048 MCTS
500 6 RED RED 295 4096 RAVE 205 4096 MCTS
500 6 RED RED 321 4096 RAVE 179 8192 MCTS
500 6 RED RED 294 8192 RAVE 206 4096 MCTS
500 6 RED RED 316 4096 RAVE 184 20480 MCTS
500 6 RED RED 316 20480 RAVE 184 4096 MCTS
500 6 RED RED 333 8192 RAVE 167 8192 MCTS
500 6 RED RED 325 8192 RAVE 175 16384 MCTS
500 6 RED RED 318 16384 RAVE 182 8192 MCTS
500 6 RED RED 324 8192 RAVE 176 40960 MCTS
500 6 RED RED 304 40960 RAVE 196 8192 MCTS
500 6 RED RED 322 16384 RAVE 178 16384 MCTS
500 6 RED RED 332 16384 RAVE 168 32768 MCTS
500 6 RED RED 330 32768 RAVE 170 16384 MCTS
500 6 RED RED 335 16384 RAVE 165 81920 MCTS
500 6 RED RED 332 81920 RAVE 168 16384 MCTS
500 6 RED RED 327 32768 RAVE 173 32768 MCTS
500 6 RED RED 317 32768 RAVE 183 65536 MCTS
500 6 RED RED 314 65536 RAVE 186 32768 MCTS
500 6 RED RED 334 32768 RAVE 166 163840 MCTS
500 6 RED RED 321 163840 RAVE 179 32768 MCTS
