500 8 RED BLUE 270 1 MCTS 230 1 RAVE
500 8 RED BLUE 267 2 MCTS 233 1 RAVE
500 8 RED BLUE 259 1 MCTS 241 2 RAVE
500 8 RED RED 282 1 RAVE 218 5 MCTS
500 8 RED RED 257 5 RAVE 243 1 MCTS
500 8 RED RED 264 2 RAVE 236 2 MCTS
500 8 RED BLUE 265 4 MCTS 235 2 RAVE
500 8 RED BLUE 255 2 MCTS 245 4 RAVE
500 8 RED BLUE 263 10 MCTS 237 2 RAVE
500 8 RED BLUE 255 2 MCTS 245 10 RAVE
500 8 RED BLUE 256 4 MCTS 244 4 RAVE
500 8 RED BLUE 252 8 MCTS 248 4 RAVE
500 8 RED BLUE 274 4 MCTS 226 8 RAVE
500 8 RED BLUE 259 20 MCTS 241 4 RAVE
500 8 RED BLUE 255 4 MCTS 245 20 RAVE
500 8 RED RED 253 8 RAVE 247 8 MCTS
500 8 RED BLUE 285 16 MCTS 215 8 RAVE
500 8 RED BLUE 259 8 MCTS 241 16 RAVE
500 8 RED BLUE 278 40 MCTS 222 8 RAVE
500 8 RED BLUE 259 8 MCTS 241 40 RAVE
500 8 RED BLUE 294 16 MCTS 206 16 RAVE
500 8 RED RED 257 16 RAVE 243 32 MCTS
500 8 RED BLUE 297 16 MCTS 203 32 RAVE
500 8 RED BLUE 315 80 MCTS 185 16 RAVE
500 8 RED BLUE 292 16 MCTS 208 80 RAVE
500 8 RED RED 283 32 RAVE 217 32 MCTS
500 8 RED BLUE 307 64 MCTS 193 32 RAVE
500 8 RED RED 269 64 RAVE 231 32 MCTS
500 8 RED BLUE 284 160 MCTS 216 32 RAVE
500 8 RED RED 274 160 RAVE 226 32 MCTS
500 8 RED BLUE 316 64 MCTS 184 64 RAVE
500 8 RED RED 310 64 RAVE 190 128 MCTS
500 8 RED BLUE 301 64 MCTS 199 128 RAVE
500 8 RED BLUE 293 320 MCTS 207 64 RAVE
500 8 RED BLUE 321 64 MCTS 179 320 RAVE
500 8 RED RED 290 128 RAVE 210 128 MCTS
500 8 RED BLUE 291 256 MCTS 209 128 RAVE
500 8 RED RED 295 256 RAVE 205 128 MCTS
500 8 RED RED 290 128 RAVE 210 640 MCTS
500 8 RED RED 286 640 RAVE 214 128 MCTS
500 8 RED BLUE 278 256 MCTS 222 256 RAVE
500 8 RED RED 287 256 RAVE 213 512 MCTS
500 8 RED BLUE 298 256 MCTS 202 512 RAVE
500 8 RED RED 279 256 RAVE 221 1280 MCTS
500 8 RED BLUE 287 256 MCTS 213 1280 RAVE
500 8 RED RED 271 512 RAVE 229 512 MCTS
500 8 RED RED 282 512 RAVE 218 1024 MCTS
500 8 RED RED 276 1024 RAVE 224 512 MCTS
500 8 RED RED 261 512 RAVE 239 2560 MCTS
500 8 RED RED 265 2560 RAVE 235 512 MCTS
500 8 RED RED 291 1024 RAVE 209 1024 MCTS
500 8 RED RED 254 1024 RAVE 246 2048 MCTS
500 8 RED RED 281 2048 RAVE 219 1024 MCTS
500 8 RED RED 297 1024 RAVE 203 5120 MCTS
500 8 RED RED 281 5120 RAVE 219 1024 MCTS
500 8 RED RED 283 2048 RAVE 217 2048 MCTS
500 8 RED RED 285 2048 RAVE 215 4096 MCTS
500 8 RED RED 273 4096 RAVE 227 2048 MCTS
500 8 RED RED 280 2048 RAVE 220 10240 MCTS
500 8 RED RED 271 10240 RAVE 229 2048 MCTS
500 8 RED RED 267 4096 RAVE 233 4096 MCTS
500 8 RED RED 282 4096 RAVE 218 8192 MCTS
500 8 RED RED 284 8192 RAVE 216 4096 MCTS
500 8 RED RED 298 4096 RAVE 202 20480 MCTS
500 8 RED RED 286 20480 RAVE 214 4096 MCTS
500 8 RED RED 276 8192 RAVE 224 8192 MCTS
500 8 RED RED 272 8192 RAVE 228 16384 MCTS
500 8 RED RED 268 16384 RAVE 232 8192 MCTS
500 8 RED RED 288 8192 RAVE 212 40960 MCTS
500 8 RED RED 274 40960 RAVE 226 8192 MCTS
500 8 RED RED 300 16384 RAVE 200 16384 MCTS
500 8 RED RED 277 16384 RAVE 223 32768 MCTS
500 8 RED RED 292 32768 RAVE 208 16384 MCTS
500 8 RED RED 284 81920 RAVE 216 16384 MCTS
500 8 RED RED 270 32768 RAVE 230 32768 MCTS