500 3 RED RED 349 2 RAVE 151 1 MCTS
500 3 RED RED 325 5 RAVE 175 1 MCTS
500 3 RED RED 337 1 RAVE 163 2 MCTS
500 3 RED RED 322 2 RAVE 178 2 MCTS
500 3 RED RED 371 2 RAVE 129 4 MCTS
500 3 RED RED 327 4 RAVE 173 2 MCTS
500 3 RED RED 339 1 RAVE 161 1 MCTS
500 3 RED BLUE 292 5 MCTS 208 1 RAVE
500 3 RED RED 366 2 RAVE 134 10 MCTS
500 3 RED RED 340 10 RAVE 160 2 MCTS
500 3 RED RED 373 4 RAVE 127 4 MCTS
500 3 RED RED 368 20 RAVE 132 4 MCTS
500 3 RED RED 349 8 RAVE 151 4 MCTS
500 3 RED RED 335 4 RAVE 165 8 MCTS
500 3 RED RED 365 8 RAVE 135 8 MCTS
500 3 RED RED 294 4 RAVE 206 20 MCTS
500 3 RED RED 436 8 RAVE 64 16 MCTS
500 3 RED RED 345 16 RAVE 155 8 MCTS
500 3 RED RED 343 40 RAVE 157 8 MCTS
500 3 RED RED 433 16 RAVE 67 16 MCTS
500 3 RED RED 446 32 RAVE 54 16 MCTS
500 3 RED RED 428 80 RAVE 72 16 MCTS
500 3 RED RED 335 16 RAVE 165 32 MCTS
500 3 RED RED 337 32 RAVE 163 32 MCTS
500 3 RED RED 308 8 RAVE 192 40 MCTS
500 3 RED RED 348 64 RAVE 152 32 MCTS
500 3 RED RED 319 160 RAVE 181 32 MCTS
500 3 RED RED 327 16 RAVE 173 80 MCTS
500 3 RED RED 363 32 RAVE 137 64 MCTS
500 3 RED RED 360 64 RAVE 140 64 MCTS
500 3 RED RED 368 128 RAVE 132 64 MCTS
500 3 RED RED 309 64 RAVE 191 128 MCTS
500 3 RED RED 372 320 RAVE 128 64 MCTS
500 3 RED RED 341 32 RAVE 159 160 MCTS
500 3 RED RED 322 128 RAVE 178 128 MCTS
500 3 RED RED 318 256 RAVE 182 128 MCTS
500 3 RED RED 312 640 RAVE 188 128 MCTS
500 3 RED RED 351 128 RAVE 149 256 MCTS
500 3 RED RED 370 64 RAVE 130 320 MCTS
500 3 RED RED 369 256 RAVE 131 256 MCTS
500 3 RED RED 353 512 RAVE 147 256 MCTS
500 3 RED RED 355 1280 RAVE 145 256 MCTS
500 3 RED RED 376 256 RAVE 124 512 MCTS
500 3 RED RED 389 512 RAVE 111 512 MCTS
500 3 RED RED 382 128 RAVE 118 640 MCTS
500 3 RED RED 377 1024 RAVE 123 512 MCTS
500 3 RED RED 389 2560 RAVE 111 512 MCTS
500 3 RED RED 387 512 RAVE 113 1024 MCTS
500 3 RED RED 383 1024 RAVE 117 1024 MCTS
500 3 RED RED 372 256 RAVE 128 1280 MCTS
500 3 RED RED 361 5120 RAVE 139 1024 MCTS
500 3 RED RED 388 2048 RAVE 112 1024 MCTS
500 3 RED RED 376 1024 RAVE 124 2048 MCTS
500 3 RED RED 388 512 RAVE 112 2560 MCTS
500 3 RED RED 360 2048 RAVE 140 2048 MCTS
500 3 RED RED 374 4096 RAVE 126 2048 MCTS
500 3 RED RED 358 10240 RAVE 142 2048 MCTS
500 3 RED RED 368 2048 RAVE 132 4096 MCTS
500 3 RED RED 362 1024 RAVE 138 5120 MCTS
500 3 RED RED 364 4096 RAVE 136 4096 MCTS
500 3 RED RED 394 8192 RAVE 106 4096 MCTS
500 3 RED RED 372 20480 RAVE 128 4096 MCTS
500 3 RED RED 381 4096 RAVE 119 8192 MCTS
500 3 RED RED 377 2048 RAVE 123 10240 MCTS
500 3 RED RED 378 8192 RAVE 122 8192 MCTS
500 3 RED RED 369 16384 RAVE 131 8192 MCTS
500 3 RED RED 377 40960 RAVE 123 8192 MCTS
500 3 RED RED 368 8192 RAVE 132 16384 MCTS
500 3 RED RED 345 4096 RAVE 155 20480 MCTS
500 3 RED RED 358 16384 RAVE 142 16384 MCTS
500 3 RED RED 380 32768 RAVE 120 16384 MCTS
500 3 RED RED 374 81920 RAVE 126 16384 MCTS
500 3 RED RED 387 16384 RAVE 113 32768 MCTS
500 3 RED RED 359 8192 RAVE 141 40960 MCTS
500 3 RED RED 380 32768 RAVE 120 32768 MCTS
500 3 RED RED 375 65536 RAVE 125 32768 MCTS
500 3 RED RED 381 163840 RAVE 119 32768 MCTS
500 3 RED RED 381 32768 RAVE 119 65536 MCTS
500 3 RED RED 386 16384 RAVE 114 81920 MCTS
500 3 RED RED 378 32768 RAVE 122 163840 MCTS
