500 1 RED RED 500 4 RAVE 0 2 MCTS
500 1 RED RED 500 5 RAVE 0 1 MCTS
500 1 RED RED 500 2 RAVE 0 2 MCTS
500 1 RED RED 500 1 RAVE 0 2 MCTS
500 1 RED RED 500 1 RAVE 0 5 MCTS
500 1 RED RED 500 2 RAVE 0 1 MCTS
500 1 RED RED 500 2 RAVE 0 4 MCTS
500 1 RED RED 500 1 RAVE 0 1 MCTS
500 1 RED RED 500 2 RAVE 0 10 MCTS
500 1 RED RED 500 10 RAVE 0 2 MCTS
500 1 RED RED 500 4 RAVE 0 8 MCTS
500 1 RED RED 500 4 RAVE 0 4 MCTS
500 1 RED RED 500 8 RAVE 0 8 MCTS
500 1 RED RED 500 4 RAVE 0 20 MCTS
500 1 RED RED 500 8 RAVE 0 4 MCTS
500 1 RED RED 500 8 RAVE 0 16 MCTS
500 1 RED RED 500 20 RAVE 0 4 MCTS
500 1 RED RED 500 16 RAVE 0 8 MCTS
500 1 RED RED 500 16 RAVE 0 16 MCTS
500 1 RED RED 500 80 RAVE 0 16 MCTS
500 1 RED RED 500 16 RAVE 0 32 MCTS
500 1 RED RED 500 40 RAVE 0 8 MCTS
500 1 RED RED 500 8 RAVE 0 40 MCTS
500 1 RED RED 500 32 RAVE 0 16 MCTS
500 1 RED RED 500 16 RAVE 0 80 MCTS
500 1 RED RED 500 32 RAVE 0 32 MCTS
500 1 RED RED 500 32 RAVE 0 64 MCTS
500 1 RED RED 500 128 RAVE 0 64 MCTS
500 1 RED RED 500 64 RAVE 0 64 MCTS
500 1 RED RED 500 64 RAVE 0 32 MCTS
500 1 RED RED 500 160 RAVE 0 32 MCTS
500 1 RED RED 500 64 RAVE 0 128 MCTS
500 1 RED RED 500 32 RAVE 0 160 MCTS
500 1 RED RED 500 320 RAVE 0 64 MCTS
500 1 RED RED 500 64 RAVE 0 320 MCTS
500 1 RED RED 500 128 RAVE 0 128 MCTS
500 1 RED RED 500 640 RAVE 0 128 MCTS
500 1 RED RED 500 256 RAVE 0 128 MCTS
500 1 RED RED 500 128 RAVE 0 640 MCTS
500 1 RED RED 500 128 RAVE 0 256 MCTS
500 1 RED RED 500 256 RAVE 0 256 MCTS
500 1 RED RED 500 512 RAVE 0 256 MCTS
500 1 RED RED 500 1280 RAVE 0 256 MCTS
500 1 RED RED 500 256 RAVE 0 512 MCTS
500 1 RED RED 500 256 RAVE 0 1280 MCTS
500 1 RED RED 500 1024 RAVE 0 512 MCTS
500 1 RED RED 500 512 RAVE 0 512 MCTS
500 1 RED RED 500 512 RAVE 0 1024 MCTS
500 1 RED RED 500 2560 RAVE 0 512 MCTS
500 1 RED RED 500 1024 RAVE 0 1024 MCTS
500 1 RED RED 500 2048 RAVE 0 1024 MCTS
500 1 RED RED 500 512 RAVE 0 2560 MCTS
500 1 RED RED 500 1024 RAVE 0 2048 MCTS
500 1 RED RED 500 5120 RAVE 0 1024 MCTS
500 1 RED RED 500 2048 RAVE 0 2048 MCTS
500 1 RED RED 500 4096 RAVE 0 2048 MCTS
500 1 RED RED 500 10240 RAVE 0 2048 MCTS
500 1 RED RED 500 1024 RAVE 0 5120 MCTS
500 1 RED RED 500 2048 RAVE 0 4096 MCTS
500 1 RED RED 500 4096 RAVE 0 4096 MCTS
500 1 RED RED 500 8192 RAVE 0 4096 MCTS
500 1 RED RED 500 20480 RAVE 0 4096 MCTS
500 1 RED RED 500 2048 RAVE 0 10240 MCTS
500 1 RED RED 500 4096 RAVE 0 8192 MCTS
500 1 RED RED 500 8192 RAVE 0 8192 MCTS
500 1 RED RED 500 16384 RAVE 0 8192 MCTS
500 1 RED RED 500 40960 RAVE 0 8192 MCTS
500 1 RED RED 500 8192 RAVE 0 16384 MCTS
500 1 RED RED 500 4096 RAVE 0 20480 MCTS
500 1 RED RED 500 16384 RAVE 0 16384 MCTS
500 1 RED RED 500 32768 RAVE 0 16384 MCTS
500 1 RED RED 500 81920 RAVE 0 16384 MCTS
500 1 RED RED 500 16384 RAVE 0 32768 MCTS
500 1 RED RED 500 8192 RAVE 0 40960 MCTS
500 1 RED RED 500 32768 RAVE 0 32768 MCTS
500 1 RED RED 500 65536 RAVE 0 32768 MCTS
500 1 RED RED 500 163840 RAVE 0 32768 MCTS
500 1 RED RED 500 32768 RAVE 0 65536 MCTS
500 1 RED RED 500 16384 RAVE 0 81920 MCTS
500 1 RED RED 500 32768 RAVE 0 163840 MCTS
