500 5 RED RED 312 2 RAVE 188 1 MCTS
500 5 RED RED 268 1 RAVE 232 1 MCTS
500 5 RED RED 295 5 RAVE 205 1 MCTS
500 5 RED RED 283 2 RAVE 217 2 MCTS
500 5 RED RED 287 1 RAVE 213 2 MCTS
500 5 RED BLUE 300 5 MCTS 200 1 RAVE
500 5 RED RED 304 4 RAVE 196 2 MCTS
500 5 RED RED 308 2 RAVE 192 4 MCTS
500 5 RED RED 279 2 RAVE 221 10 MCTS
500 5 RED RED 303 10 RAVE 197 2 MCTS
500 5 RED RED 318 4 RAVE 182 4 MCTS
500 5 RED RED 312 20 RAVE 188 4 MCTS
500 5 RED RED 304 8 RAVE 196 4 MCTS
500 5 RED RED 309 4 RAVE 191 8 MCTS
500 5 RED RED 294 8 RAVE 206 8 MCTS
500 5 RED RED 290 16 RAVE 210 8 MCTS
500 5 RED RED 304 40 RAVE 196 8 MCTS
500 5 RED RED 265 4 RAVE 235 20 MCTS
500 5 RED RED 341 8 RAVE 159 16 MCTS
500 5 RED RED 351 16 RAVE 149 16 MCTS
500 5 RED RED 345 32 RAVE 155 16 MCTS
500 5 RED RED 361 80 RAVE 139 16 MCTS
500 5 RED BLUE 251 32 MCTS 249 16 RAVE
500 5 RED RED 326 8 RAVE 174 40 MCTS
500 5 RED RED 254 32 RAVE 246 32 MCTS
500 5 RED RED 253 64 RAVE 247 32 MCTS
500 5 RED RED 257 160 RAVE 243 32 MCTS
500 5 RED RED 371 32 RAVE 129 64 MCTS
500 5 RED RED 385 64 RAVE 115 64 MCTS
500 5 RED RED 376 16 RAVE 124 80 MCTS
500 5 RED RED 372 128 RAVE 128 64 MCTS
500 5 RED RED 400 320 RAVE 100 64 MCTS
500 5 RED BLUE 251 128 MCTS 249 64 RAVE
500 5 RED RED 296 32 RAVE 204 160 MCTS
500 5 RED RED 308 64 RAVE 192 320 MCTS
500 5 RED BLUE 273 128 MCTS 227 640 RAVE
500 5 RED BLUE 287 128 MCTS 213 256 RAVE
500 5 RED BLUE 267 128 MCTS 233 128 RAVE
500 5 RED RED 330 256 RAVE 170 256 MCTS
500 5 RED RED 333 128 RAVE 167 256 MCTS
500 5 RED RED 301 512 RAVE 199 256 MCTS
500 5 RED RED 340 1280 RAVE 160 256 MCTS
500 5 RED RED 287 256 RAVE 213 512 MCTS
500 5 RED RED 321 512 RAVE 179 512 MCTS
500 5 RED RED 305 128 RAVE 195 640 MCTS
500 5 RED RED 289 1024 RAVE 211 512 MCTS
500 5 RED RED 311 2560 RAVE 189 512 MCTS
500 5 RED RED 296 512 RAVE 204 1024 MCTS
500 5 RED RED 326 1024 RAVE 174 1024 MCTS
500 5 RED RED 303 256 RAVE 197 1280 MCTS
500 5 RED RED 307 2048 RAVE 193 1024 MCTS
500 5 RED RED 313 5120 RAVE 187 1024 MCTS
500 5 RED RED 348 1024 RAVE 152 2048 MCTS
500 5 RED RED 338 2048 RAVE 162 2048 MCTS
500 5 RED RED 332 512 RAVE 168 2560 MCTS
500 5 RED RED 331 4096 RAVE 169 2048 MCTS
500 5 RED RED 321 10240 RAVE 179 2048 MCTS
500 5 RED RED 337 2048 RAVE 163 4096 MCTS
500 5 RED RED 351 1024 RAVE 149 5120 MCTS
500 5 RED RED 369 4096 RAVE 131 4096 MCTS
500 5 RED RED 335 8192 RAVE 165 4096 MCTS
500 5 RED RED 337 20480 RAVE 163 4096 MCTS
500 5 RED RED 344 4096 RAVE 156 8192 MCTS
500 5 RED RED 344 2048 RAVE 156 10240 MCTS
500 5 RED RED 361 8192 RAVE 139 8192 MCTS
500 5 RED RED 336 16384 RAVE 164 8192 MCTS
500 5 RED RED 359 40960 RAVE 141 8192 MCTS
500 5 RED RED 351 4096 RAVE 149 20480 MCTS
500 5 RED RED 334 8192 RAVE 166 16384 MCTS
500 5 RED RED 333 16384 RAVE 167 16384 MCTS
500 5 RED RED 353 32768 RAVE 147 16384 MCTS
500 5 RED RED 329 81920 RAVE 171 16384 MCTS
500 5 RED RED 356 8192 RAVE 144 40960 MCTS
500 5 RED RED 340 16384 RAVE 160 32768 MCTS
500 5 RED RED 342 32768 RAVE 158 32768 MCTS
500 5 RED RED 336 65536 RAVE 164 32768 MCTS
500 5 RED RED 331 163840 RAVE 169 32768 MCTS
500 5 RED RED 340 32768 RAVE 160 65536 MCTS
500 5 RED RED 325 16384 RAVE 175 81920 MCTS
