500 5 RED RED 280 2 MCTS 220 2 RAVE
500 5 RED RED 270 1 MCTS 230 1 RAVE
500 5 RED RED 271 1 MCTS 229 2 RAVE
500 5 RED RED 281 2 MCTS 219 1 RAVE
500 5 RED BLUE 308 5 RAVE 192 1 MCTS
500 5 RED RED 324 4 MCTS 176 2 RAVE
500 5 RED BLUE 275 4 RAVE 225 2 MCTS
500 5 RED RED 295 5 MCTS 205 1 RAVE
500 5 RED BLUE 364 10 RAVE 136 2 MCTS
500 5 RED BLUE 261 4 RAVE 239 4 MCTS
500 5 RED RED 361 8 MCTS 139 4 RAVE
500 5 RED RED 372 10 MCTS 128 2 RAVE
500 5 RED BLUE 299 8 RAVE 201 4 MCTS
500 5 RED RED 257 8 MCTS 243 8 RAVE
500 5 RED RED 377 16 MCTS 123 8 RAVE
500 5 RED BLUE 359 16 RAVE 141 8 MCTS
500 5 RED RED 434 20 MCTS 66 4 RAVE
500 5 RED BLUE 416 20 RAVE 84 4 MCTS
500 5 RED RED 252 16 MCTS 248 16 RAVE
500 5 RED BLUE 464 40 RAVE 36 8 MCTS
500 5 RED RED 463 40 MCTS 37 8 RAVE
500 5 RED RED 367 32 MCTS 133 16 RAVE
500 5 RED BLUE 369 32 RAVE 131 16 MCTS
500 5 RED RED 264 32 MCTS 236 32 RAVE
500 5 RED BLUE 457 80 RAVE 43 16 MCTS
500 5 RED BLUE 364 64 RAVE 136 32 MCTS
500 5 RED RED 469 80 MCTS 31 16 RAVE
500 5 RED RED 413 64 MCTS 87 32 RAVE
500 5 RED RED 281 64 MCTS 219 64 RAVE
500 5 RED BLUE 462 160 RAVE 38 32 MCTS
500 5 RED RED 466 160 MCTS 34 32 RAVE
500 5 RED BLUE 353 128 RAVE 147 64 MCTS
500 5 RED RED 401 128 MCTS 99 64 RAVE
500 5 RED RED 278 128 MCTS 222 128 RAVE
500 5 RED BLUE 436 320 RAVE 64 64 MCTS
500 5 RED RED 465 320 MCTS 35 64 RAVE
500 5 RED BLUE 324 256 RAVE 176 128 MCTS
500 5 RED RED 377 256 MCTS 123 128 RAVE
500 5 RED BLUE 403 640 RAVE 97 128 MCTS
500 5 RED RED 455 640 MCTS 45 128 RAVE
500 5 RED RED 307 256 MCTS 193 256 RAVE
500 5 RED RED 382 512 MCTS 118 256 RAVE
500 5 RED BLUE 282 512 RAVE 218 256 MCTS
500 5 RED RED 292 512 MCTS 208 512 RAVE
500 5 RED RED 358 1024 MCTS 142 512 RAVE
500 5 RED BLUE 276 1024 RAVE 224 512 MCTS
500 5 RED BLUE 366 1280 RAVE 134 256 MCTS
500 5 RED RED 445 1280 MCTS 55 256 RAVE
500 5 RED RED 306 1024 MCTS 194 1024 RAVE
500 5 RED BLUE 321 2560 RAVE 179 512 MCTS
500 5 RED RED 413 2560 MCTS 87 512 RAVE
500 5 RED RED 258 1024 MCTS 242 2048 RAVE
500 5 RED RED 354 2048 MCTS 146 1024 RAVE
500 5 RED RED 302 2048 MCTS 198 2048 RAVE
500 5 RED RED 257 1024 MCTS 243 5120 RAVE
500 5 RED RED 388 5120 MCTS 112 1024 RAVE
500 5 RED RED 315 2048 MCTS 185 4096 RAVE
500 5 RED RED 361 4096 MCTS 139 2048 RAVE
500 5 RED RED 342 4096 MCTS 158 4096 RAVE
500 5 RED RED 315 2048 MCTS 185 10240 RAVE
500 5 RED RED 360 4096 MCTS 140 8192 RAVE
500 5 RED RED 341 10240 MCTS 159 2048 RAVE
500 5 RED RED 345 8192 MCTS 155 4096 RAVE
500 5 RED RED 344 8192 MCTS 156 8192 RAVE
500 5 RED RED 395 4096 MCTS 105 20480 RAVE
500 5 RED RED 368 8192 MCTS 132 16384 RAVE
500 5 RED RED 295 20480 MCTS 205 4096 RAVE
500 5 RED RED 324 16384 MCTS 176 8192 RAVE
500 5 RED RED 440 8192 MCTS 60 40960 RAVE
500 5 RED RED 257 40960 MCTS 243 8192 RAVE
500 5 RED RED 325 32768 MCTS 175 16384 RAVE
500 5 RED RED 353 16384 MCTS 147 16384 RAVE
500 5 RED RED 409 16384 MCTS 91 32768 RAVE
500 5 RED RED 452 16384 MCTS 48 81920 RAVE
500 5 RED BLUE 287 16384 RAVE 213 81920 MCTS
500 5 RED RED 361 32768 MCTS 139 32768 RAVE
500 5 RED RED 402 32768 MCTS 98 65536 RAVE
500 5 RED RED 275 65536 MCTS 225 32768 RAVE
500 5 RED RED 441 32768 MCTS 59 163840 RAVE
500 5 RED BLUE 314 32768 RAVE 186 163840 MCTS
