200 10 RED BLUE 108 1 RAVE 92 2 MCTS
200 10 RED BLUE 103 1 RAVE 97 1 MCTS
200 10 RED BLUE 105 2 RAVE 95 1 MCTS
200 10 RED BLUE 113 2 RAVE 87 2 MCTS
200 10 RED BLUE 107 4 RAVE 93 2 MCTS
200 10 RED RED 101 4 MCTS 99 2 RAVE
200 10 RED BLUE 108 5 RAVE 92 1 MCTS
200 10 RED RED 106 5 MCTS 94 1 RAVE
200 10 RED BLUE 123 10 RAVE 77 2 MCTS
200 10 RED BLUE 103 4 RAVE 97 4 MCTS
200 10 RED RED 131 10 MCTS 69 2 RAVE
200 10 RED RED 119 8 MCTS 81 4 RAVE
200 10 RED BLUE 115 8 RAVE 85 4 MCTS
200 10 RED RED 114 8 MCTS 86 8 RAVE
200 10 RED BLUE 150 20 RAVE 50 4 MCTS
200 10 RED RED 143 20 MCTS 57 4 RAVE
200 10 RED BLUE 123 16 RAVE 77 8 MCTS
200 10 RED RED 131 16 MCTS 69 8 RAVE
200 10 RED RED 104 16 MCTS 96 16 RAVE
200 10 RED RED 165 40 MCTS 35 8 RAVE
200 10 RED BLUE 170 40 RAVE 30 8 MCTS
200 10 RED BLUE 144 32 RAVE 56 16 MCTS
200 10 RED RED 156 32 MCTS 44 16 RAVE
200 10 RED RED 104 32 MCTS 96 32 RAVE
200 10 RED BLUE 187 80 RAVE 13 16 MCTS
200 10 RED RED 189 80 MCTS 11 16 RAVE
200 10 RED BLUE 164 64 RAVE 36 32 MCTS
200 10 RED RED 170 64 MCTS 30 32 RAVE
200 10 RED RED 116 64 MCTS 84 64 RAVE
200 10 RED BLUE 193 160 RAVE 7 32 MCTS
200 10 RED RED 195 160 MCTS 5 32 RAVE
200 10 RED BLUE 174 128 RAVE 26 64 MCTS
200 10 RED RED 174 128 MCTS 26 64 RAVE
200 10 RED RED 101 128 MCTS 99 128 RAVE
200 10 RED RED 199 320 MCTS 1 64 RAVE
200 10 RED BLUE 198 320 RAVE 2 64 MCTS
200 10 RED BLUE 182 256 RAVE 18 128 MCTS
200 10 RED RED 185 256 MCTS 15 128 RAVE
200 10 RED RED 101 256 MCTS 99 256 RAVE
200 10 RED BLUE 199 640 RAVE 1 128 MCTS
200 10 RED BLUE 180 512 RAVE 20 256 MCTS
200 10 RED RED 199 640 MCTS 1 128 RAVE
200 10 RED RED 181 512 MCTS 19 256 RAVE
200 10 RED BLUE 100 512 RAVE 100 512 MCTS
200 10 RED RED 200 1280 MCTS 0 256 RAVE
200 10 RED BLUE 199 1280 RAVE 1 256 MCTS
200 10 RED BLUE 178 1024 RAVE 22 512 MCTS
200 10 RED RED 176 1024 MCTS 24 512 RAVE
200 10 RED BLUE 195 2560 RAVE 5 512 MCTS
200 10 RED RED 197 2560 MCTS 3 512 RAVE
150 8 RED RED 77 4096 MCTS 73 4096 RAVE
150 8 RED RED 109 8192 MCTS 41 4096 RAVE
150 8 RED BLUE 85 8192 RAVE 65 4096 MCTS
150 8 RED RED 83 8192 MCTS 67 8192 RAVE
150 8 RED RED 100 16384 MCTS 50 8192 RAVE
150 8 RED RED 113 20480 MCTS 37 4096 RAVE
150 8 RED BLUE 103 20480 RAVE 47 4096 MCTS
150 8 RED BLUE 78 16384 RAVE 72 8192 MCTS
150 8 RED BLUE 88 40960 RAVE 62 8192 MCTS
150 8 RED RED 111 40960 MCTS 39 8192 RAVE
150 10 RED RED 91 4096 MCTS 59 4096 RAVE
150 10 RED BLUE 100 8192 RAVE 50 4096 MCTS
150 10 RED RED 122 8192 MCTS 28 4096 RAVE
150 10 RED BLUE 141 20480 RAVE 9 4096 MCTS
150 10 RED RED 146 20480 MCTS 4 4096 RAVE
150 10 RED RED 88 8192 MCTS 62 8192 RAVE
150 10 RED BLUE 100 16384 RAVE 50 8192 MCTS
150 10 RED RED 125 16384 MCTS 25 8192 RAVE
150 10 RED BLUE 140 40960 RAVE 10 8192 MCTS
150 10 RED RED 145 40960 MCTS 5 8192 RAVE