500 4 RED BLUE 285 5 RAVE 215 1 MCTS
500 4 RED BLUE 256 1 RAVE 244 1 MCTS
500 4 RED BLUE 252 1 RAVE 248 2 MCTS
500 4 RED BLUE 270 2 RAVE 230 1 MCTS
500 4 RED RED 368 5 MCTS 132 1 RAVE
500 4 RED RED 267 2 MCTS 233 2 RAVE
500 4 RED BLUE 271 4 RAVE 229 2 MCTS
500 4 RED RED 303 4 MCTS 197 2 RAVE
500 4 RED RED 282 4 MCTS 218 4 RAVE
500 4 RED BLUE 359 10 RAVE 141 2 MCTS
500 4 RED RED 417 10 MCTS 83 2 RAVE
500 4 RED BLUE 335 8 RAVE 165 4 MCTS
500 4 RED RED 355 8 MCTS 145 4 RAVE
500 4 RED RED 301 8 MCTS 199 8 RAVE
500 4 RED RED 456 20 MCTS 44 4 RAVE
500 4 RED BLUE 429 20 RAVE 71 4 MCTS
500 4 RED BLUE 340 16 RAVE 160 8 MCTS
500 4 RED RED 396 16 MCTS 104 8 RAVE
500 4 RED BLUE 439 40 RAVE 61 8 MCTS
500 4 RED RED 467 40 MCTS 33 8 RAVE
500 4 RED RED 307 16 MCTS 193 16 RAVE
500 4 RED BLUE 300 32 RAVE 200 16 MCTS
500 4 RED RED 380 32 MCTS 120 16 RAVE
500 4 RED BLUE 415 80 RAVE 85 16 MCTS
500 4 RED RED 456 80 MCTS 44 16 RAVE
500 4 RED RED 298 32 MCTS 202 32 RAVE
500 4 RED BLUE 313 64 RAVE 187 32 MCTS
500 4 RED RED 398 64 MCTS 102 32 RAVE
500 4 RED RED 440 160 MCTS 60 32 RAVE
500 4 RED BLUE 389 160 RAVE 111 32 MCTS
500 4 RED RED 277 64 MCTS 223 64 RAVE
500 4 RED BLUE 293 128 RAVE 207 64 MCTS
500 4 RED RED 371 128 MCTS 129 64 RAVE
500 4 RED RED 301 128 MCTS 199 128 RAVE
500 4 RED BLUE 350 320 RAVE 150 64 MCTS
500 4 RED RED 433 320 MCTS 67 64 RAVE
500 4 RED BLUE 270 256 RAVE 230 128 MCTS
500 4 RED RED 364 256 MCTS 136 128 RAVE
500 4 RED RED 317 256 MCTS 183 256 RAVE
500 4 RED BLUE 283 640 RAVE 217 128 MCTS
500 4 RED RED 414 640 MCTS 86 128 RAVE
500 4 RED RED 278 256 MCTS 222 512 RAVE
500 4 RED RED 364 512 MCTS 136 256 RAVE
500 4 RED RED 338 512 MCTS 162 512 RAVE
500 4 RED RED 261 256 MCTS 239 1280 RAVE
500 4 RED RED 386 1280 MCTS 114 256 RAVE
500 4 RED RED 324 512 MCTS 176 1024 RAVE
500 4 RED RED 342 1024 MCTS 158 512 RAVE
500 4 RED RED 343 1024 MCTS 157 1024 RAVE
500 4 RED RED 334 512 MCTS 166 2560 RAVE
500 4 RED RED 358 2560 MCTS 142 512 RAVE
500 4 RED RED 364 1024 MCTS 136 2048 RAVE
500 4 RED RED 346 2048 MCTS 154 1024 RAVE
500 4 RED RED 351 2048 MCTS 149 2048 RAVE
500 4 RED RED 401 1024 MCTS 99 5120 RAVE
500 4 RED RED 296 5120 MCTS 204 1024 RAVE
500 4 RED RED 365 2048 MCTS 135 4096 RAVE
500 4 RED RED 334 4096 MCTS 166 2048 RAVE
500 4 RED RED 359 4096 MCTS 141 4096 RAVE
500 4 RED RED 428 2048 MCTS 72 10240 RAVE
500 4 RED RED 261 10240 MCTS 239 2048 RAVE
500 4 RED RED 408 4096 MCTS 92 8192 RAVE
500 4 RED RED 312 8192 MCTS 188 4096 RAVE
500 4 RED RED 434 4096 MCTS 66 20480 RAVE
500 4 RED RED 337 8192 MCTS 163 8192 RAVE
500 4 RED RED 262 20480 MCTS 238 4096 RAVE
500 4 RED RED 388 8192 MCTS 112 16384 RAVE
500 4 RED RED 313 16384 MCTS 187 8192 RAVE
500 4 RED RED 434 8192 MCTS 66 40960 RAVE
500 4 RED RED 359 16384 MCTS 141 16384 RAVE
500 4 RED RED 256 40960 MCTS 244 8192 RAVE
500 4 RED RED 392 16384 MCTS 108 32768 RAVE
500 4 RED RED 311 32768 MCTS 189 16384 RAVE
500 4 RED RED 434 16384 MCTS 66 81920 RAVE
500 4 RED RED 368 32768 MCTS 132 32768 RAVE
500 4 RED RED 259 81920 MCTS 241 16384 RAVE
500 4 RED RED 408 32768 MCTS 92 65536 RAVE
500 4 RED RED 320 65536 MCTS 180 32768 RAVE
500 4 RED RED 442 32768 MCTS 58 163840 RAVE
500 4 RED RED 264 163840 MCTS 236 32768 RAVE
