500 3 RED BLUE 266 4 RAVE 234 2 MCTS
500 3 RED RED 323 1 MCTS 177 1 RAVE
500 3 RED RED 311 1 MCTS 189 2 RAVE
500 3 RED RED 317 2 MCTS 183 1 RAVE
500 3 RED RED 343 2 MCTS 157 2 RAVE
500 3 RED BLUE 315 5 RAVE 185 1 MCTS
500 3 RED RED 373 5 MCTS 127 1 RAVE
500 3 RED RED 382 4 MCTS 118 2 RAVE
500 3 RED BLUE 388 10 RAVE 112 2 MCTS
500 3 RED RED 291 4 MCTS 209 4 RAVE
500 3 RED RED 447 10 MCTS 53 2 RAVE
500 3 RED RED 376 8 MCTS 124 4 RAVE
500 3 RED BLUE 301 8 RAVE 199 4 MCTS
500 3 RED BLUE 286 16 RAVE 214 8 MCTS
500 3 RED RED 297 8 MCTS 203 8 RAVE
500 3 RED BLUE 392 20 RAVE 108 4 MCTS
500 3 RED RED 453 20 MCTS 47 4 RAVE
500 3 RED RED 388 16 MCTS 112 8 RAVE
500 3 RED BLUE 343 40 RAVE 157 8 MCTS
500 3 RED RED 293 16 MCTS 207 16 RAVE
500 3 RED BLUE 251 32 RAVE 249 16 MCTS
500 3 RED RED 454 40 MCTS 46 8 RAVE
500 3 RED RED 348 32 MCTS 152 16 RAVE
500 3 RED RED 333 32 MCTS 167 32 RAVE
500 3 RED RED 430 80 MCTS 70 16 RAVE
500 3 RED RED 291 32 MCTS 209 64 RAVE
500 3 RED BLUE 285 80 RAVE 215 16 MCTS
500 3 RED RED 366 64 MCTS 134 32 RAVE
500 3 RED RED 304 32 MCTS 196 160 RAVE
500 3 RED RED 368 64 MCTS 132 64 RAVE
500 3 RED RED 397 160 MCTS 103 32 RAVE
500 3 RED RED 372 128 MCTS 128 64 RAVE
500 3 RED RED 331 64 MCTS 169 128 RAVE
500 3 RED RED 364 128 MCTS 136 128 RAVE
500 3 RED RED 343 64 MCTS 157 320 RAVE
500 3 RED RED 376 320 MCTS 124 64 RAVE
500 3 RED RED 375 128 MCTS 125 256 RAVE
500 3 RED RED 364 256 MCTS 136 128 RAVE
500 3 RED RED 367 256 MCTS 133 256 RAVE
500 3 RED RED 403 128 MCTS 97 640 RAVE
500 3 RED RED 383 256 MCTS 117 512 RAVE
500 3 RED RED 298 640 MCTS 202 128 RAVE
500 3 RED RED 352 512 MCTS 148 256 RAVE
500 3 RED RED 382 512 MCTS 118 512 RAVE
500 3 RED RED 412 256 MCTS 88 1280 RAVE
500 3 RED RED 395 512 MCTS 105 1024 RAVE
500 3 RED RED 273 1280 MCTS 227 256 RAVE
500 3 RED RED 322 1024 MCTS 178 512 RAVE
500 3 RED RED 335 1024 MCTS 165 1024 RAVE
500 3 RED RED 400 512 MCTS 100 2560 RAVE
500 3 RED RED 357 1024 MCTS 143 2048 RAVE
500 3 RED BLUE 279 512 RAVE 221 2560 MCTS
500 3 RED RED 258 2048 MCTS 242 1024 RAVE
500 3 RED RED 309 2048 MCTS 191 2048 RAVE
500 3 RED RED 391 1024 MCTS 109 5120 RAVE
500 3 RED RED 324 2048 MCTS 176 4096 RAVE
500 3 RED BLUE 254 1024 RAVE 246 5120 MCTS
500 3 RED RED 259 4096 MCTS 241 2048 RAVE
500 3 RED RED 292 4096 MCTS 208 4096 RAVE
500 3 RED RED 340 2048 MCTS 160 10240 RAVE
500 3 RED RED 296 4096 MCTS 204 8192 RAVE
500 3 RED BLUE 261 2048 RAVE 239 10240 MCTS
500 3 RED RED 272 8192 MCTS 228 4096 RAVE
500 3 RED RED 297 8192 MCTS 203 8192 RAVE
500 3 RED RED 295 4096 MCTS 205 20480 RAVE
500 3 RED RED 291 8192 MCTS 209 16384 RAVE
500 3 RED RED 252 20480 MCTS 248 4096 RAVE
500 3 RED RED 270 16384 MCTS 230 8192 RAVE
500 3 RED RED 288 16384 MCTS 212 16384 RAVE
500 3 RED RED 301 8192 MCTS 199 40960 RAVE
500 3 RED RED 305 16384 MCTS 195 32768 RAVE
500 3 RED RED 260 40960 MCTS 240 8192 RAVE
500 3 RED RED 275 32768 MCTS 225 16384 RAVE
500 3 RED RED 275 32768 MCTS 225 32768 RAVE
500 3 RED RED 284 16384 MCTS 216 81920 RAVE
500 3 RED RED 285 32768 MCTS 215 65536 RAVE
500 3 RED RED 285 81920 MCTS 215 16384 RAVE
500 3 RED RED 290 65536 MCTS 210 32768 RAVE
500 3 RED RED 278 32768 MCTS 222 163840 RAVE
500 3 RED RED 266 163840 MCTS 234 32768 RAVE
