500 6 RED RED 253 1 MCTS 247 1 RAVE
500 6 RED BLUE 273 2 RAVE 227 1 MCTS
500 6 RED RED 263 2 MCTS 237 1 RAVE
500 6 RED BLUE 260 5 RAVE 240 1 MCTS
500 6 RED RED 347 5 MCTS 153 1 RAVE
500 6 RED BLUE 253 2 RAVE 247 2 MCTS
500 6 RED BLUE 262 4 RAVE 238 2 MCTS
500 6 RED RED 294 4 MCTS 206 2 RAVE
500 6 RED BLUE 346 10 RAVE 154 2 MCTS
500 6 RED RED 355 10 MCTS 145 2 RAVE
500 6 RED RED 260 4 MCTS 240 4 RAVE
500 6 RED BLUE 303 8 RAVE 197 4 MCTS
500 6 RED RED 317 8 MCTS 183 4 RAVE
500 6 RED BLUE 372 20 RAVE 128 4 MCTS
500 6 RED RED 415 20 MCTS 85 4 RAVE
500 6 RED RED 276 8 MCTS 224 8 RAVE
500 6 RED BLUE 340 16 RAVE 160 8 MCTS
500 6 RED RED 390 16 MCTS 110 8 RAVE
500 6 RED BLUE 456 40 RAVE 44 8 MCTS
500 6 RED RED 470 40 MCTS 30 8 RAVE
500 6 RED RED 278 16 MCTS 222 16 RAVE
500 6 RED BLUE 355 32 RAVE 145 16 MCTS
500 6 RED RED 398 32 MCTS 102 16 RAVE
500 6 RED BLUE 474 80 RAVE 26 16 MCTS
500 6 RED RED 476 80 MCTS 24 16 RAVE
500 6 RED RED 273 32 MCTS 227 32 RAVE
500 6 RED BLUE 365 64 RAVE 135 32 MCTS
500 6 RED RED 436 64 MCTS 64 32 RAVE
500 6 RED BLUE 479 160 RAVE 21 32 MCTS
500 6 RED RED 491 160 MCTS 9 32 RAVE
500 6 RED BLUE 250 64 RAVE 250 64 MCTS
500 6 RED BLUE 371 128 RAVE 129 64 MCTS
500 6 RED RED 424 128 MCTS 76 64 RAVE
500 6 RED BLUE 478 320 RAVE 22 64 MCTS
500 6 RED RED 484 320 MCTS 16 64 RAVE
500 6 RED RED 265 128 MCTS 235 128 RAVE
500 6 RED BLUE 347 256 RAVE 153 128 MCTS
500 6 RED RED 392 256 MCTS 108 128 RAVE
500 6 RED BLUE 463 640 RAVE 37 128 MCTS
500 6 RED RED 480 640 MCTS 20 128 RAVE
500 6 RED RED 269 256 MCTS 231 256 RAVE
500 6 RED BLUE 350 512 RAVE 150 256 MCTS
500 6 RED RED 389 512 MCTS 111 256 RAVE
500 6 RED BLUE 438 1280 RAVE 62 256 MCTS
500 6 RED RED 472 1280 MCTS 28 256 RAVE
500 6 RED RED 285 512 MCTS 215 512 RAVE
500 6 RED BLUE 307 1024 RAVE 193 512 MCTS
500 6 RED RED 378 1024 MCTS 122 512 RAVE
500 6 RED BLUE 406 2560 RAVE 94 512 MCTS
500 6 RED RED 454 2560 MCTS 46 512 RAVE
500 6 RED RED 278 1024 MCTS 222 1024 RAVE
500 6 RED BLUE 294 2048 RAVE 206 1024 MCTS
500 6 RED RED 358 2048 MCTS 142 1024 RAVE
500 6 RED BLUE 362 5120 RAVE 138 1024 MCTS
500 6 RED RED 413 5120 MCTS 87 1024 RAVE
500 6 RED RED 302 2048 MCTS 198 2048 RAVE
500 6 RED BLUE 261 4096 RAVE 239 2048 MCTS
500 6 RED RED 365 4096 MCTS 135 2048 RAVE
500 6 RED BLUE 275 10240 RAVE 225 2048 MCTS
500 6 RED RED 385 10240 MCTS 115 2048 RAVE
500 6 RED RED 322 4096 MCTS 178 4096 RAVE
500 6 RED RED 297 4096 MCTS 203 8192 RAVE
500 6 RED RED 345 8192 MCTS 155 4096 RAVE
500 6 RED RED 270 4096 MCTS 230 20480 RAVE
500 6 RED RED 361 20480 MCTS 139 4096 RAVE
500 6 RED RED 319 8192 MCTS 181 8192 RAVE
500 6 RED RED 314 8192 MCTS 186 16384 RAVE
500 6 RED RED 333 16384 MCTS 167 8192 RAVE
500 6 RED RED 353 8192 MCTS 147 40960 RAVE
500 6 RED RED 315 40960 MCTS 185 8192 RAVE
500 6 RED RED 322 16384 MCTS 178 16384 RAVE
500 6 RED RED 365 16384 MCTS 135 32768 RAVE
500 6 RED RED 330 32768 MCTS 170 16384 RAVE
500 6 RED RED 423 16384 MCTS 77 81920 RAVE
500 6 RED BLUE 295 16384 RAVE 205 81920 MCTS
500 6 RED RED 350 32768 MCTS 150 32768 RAVE
500 6 RED RED 385 32768 MCTS 115 65536 RAVE
500 6 RED RED 272 65536 MCTS 228 32768 RAVE
500 6 RED RED 460 32768 MCTS 40 163840 RAVE
500 6 RED BLUE 363 32768 RAVE 137 163840 MCTS
