400 8 RED RED 204 1 MCTS 196 1 RAVE
400 8 RED RED 207 1 MCTS 193 2 RAVE
400 8 RED RED 207 2 MCTS 193 1 RAVE
400 8 RED BLUE 219 5 RAVE 181 1 MCTS
400 8 RED RED 250 5 MCTS 150 1 RAVE
400 8 RED BLUE 218 2 RAVE 182 2 MCTS
400 8 RED BLUE 211 4 RAVE 189 2 MCTS
400 8 RED RED 225 4 MCTS 175 2 RAVE
400 8 RED BLUE 264 10 RAVE 136 2 MCTS
400 8 RED RED 246 10 MCTS 154 2 RAVE
400 8 RED RED 210 4 MCTS 190 4 RAVE
400 8 RED BLUE 224 8 RAVE 176 4 MCTS
400 8 RED RED 252 8 MCTS 148 4 RAVE
400 8 RED BLUE 307 20 RAVE 93 4 MCTS
400 8 RED RED 313 20 MCTS 87 4 RAVE
400 8 RED RED 206 8 MCTS 194 8 RAVE
400 8 RED BLUE 248 16 RAVE 152 8 MCTS
400 8 RED RED 269 16 MCTS 131 8 RAVE
400 8 RED BLUE 357 40 RAVE 43 8 MCTS
400 8 RED RED 360 40 MCTS 40 8 RAVE
400 8 RED RED 208 16 MCTS 192 16 RAVE
400 8 RED BLUE 281 32 RAVE 119 16 MCTS
400 8 RED RED 297 32 MCTS 103 16 RAVE
400 8 RED BLUE 381 80 RAVE 19 16 MCTS
400 8 RED RED 392 80 MCTS 8 16 RAVE
400 8 RED RED 205 32 MCTS 195 32 RAVE
400 8 RED BLUE 320 64 RAVE 80 32 MCTS
400 8 RED RED 345 64 MCTS 55 32 RAVE
400 8 RED BLUE 398 160 RAVE 2 32 MCTS
400 8 RED RED 396 160 MCTS 4 32 RAVE
400 8 RED BLUE 203 64 RAVE 197 64 MCTS
400 8 RED BLUE 326 128 RAVE 74 64 MCTS
400 8 RED RED 353 128 MCTS 47 64 RAVE
400 8 RED BLUE 395 320 RAVE 5 64 MCTS
400 8 RED RED 398 320 MCTS 2 64 RAVE
400 8 RED RED 218 128 MCTS 182 128 RAVE
400 8 RED BLUE 345 256 RAVE 55 128 MCTS
400 8 RED RED 356 256 MCTS 44 128 RAVE
400 8 RED BLUE 394 640 RAVE 6 128 MCTS
400 8 RED RED 397 640 MCTS 3 128 RAVE
400 8 RED RED 201 256 MCTS 199 256 RAVE
400 8 RED BLUE 330 512 RAVE 70 256 MCTS
400 8 RED RED 346 512 MCTS 54 256 RAVE
400 8 RED BLUE 390 1280 RAVE 10 256 MCTS
400 8 RED RED 395 1280 MCTS 5 256 RAVE
400 8 RED RED 204 512 MCTS 196 512 RAVE
400 8 RED BLUE 320 1024 RAVE 80 512 MCTS
400 8 RED RED 337 1024 MCTS 63 512 RAVE
400 8 RED BLUE 391 2560 RAVE 9 512 MCTS
400 8 RED RED 393 2560 MCTS 7 512 RAVE
400 8 RED RED 208 1024 MCTS 192 1024 RAVE
400 8 RED BLUE 314 2048 RAVE 86 1024 MCTS
400 8 RED RED 335 2048 MCTS 65 1024 RAVE
400 8 RED BLUE 376 5120 RAVE 24 1024 MCTS
400 8 RED RED 376 5120 MCTS 24 1024 RAVE
400 8 RED RED 230 2048 MCTS 170 2048 RAVE
400 8 RED BLUE 276 4096 RAVE 124 2048 MCTS
400 8 RED RED 297 4096 MCTS 103 2048 RAVE
400 8 RED BLUE 345 10240 RAVE 55 2048 MCTS
400 8 RED RED 368 10240 MCTS 32 2048 RAVE
400 8 RED RED 219 4096 MCTS 181 4096 RAVE
400 8 RED BLUE 243 8192 RAVE 157 4096 MCTS
400 8 RED RED 277 8192 MCTS 123 4096 RAVE
400 8 RED BLUE 301 20480 RAVE 99 4096 MCTS
400 8 RED RED 327 20480 MCTS 73 4096 RAVE
400 8 RED RED 241 8192 MCTS 159 8192 RAVE
400 8 RED BLUE 219 16384 RAVE 181 8192 MCTS
400 8 RED RED 265 16384 MCTS 135 8192 RAVE
400 8 RED BLUE 319 40960 RAVE 81 8192 MCTS
400 8 RED RED 330 40960 MCTS 70 8192 RAVE