500 2 RED RED 255 1 MCTS 245 1 RAVE
500 2 RED RED 251 2 MCTS 249 1 RAVE
500 2 RED BLUE 256 2 RAVE 244 1 MCTS
500 2 RED RED 446 5 MCTS 54 1 RAVE
500 2 RED RED 258 2 MCTS 242 2 RAVE
500 2 RED RED 423 4 MCTS 77 2 RAVE
500 2 RED BLUE 313 4 RAVE 187 2 MCTS
500 2 RED BLUE 364 10 RAVE 136 2 MCTS
500 2 RED BLUE 315 5 RAVE 185 1 MCTS
500 2 RED RED 366 4 MCTS 134 4 RAVE
500 2 RED RED 278 4 MCTS 222 8 RAVE
500 2 RED RED 465 10 MCTS 35 2 RAVE
500 2 RED RED 374 8 MCTS 126 8 RAVE
500 2 RED RED 419 16 MCTS 81 8 RAVE
500 2 RED RED 426 8 MCTS 74 4 RAVE
500 2 RED RED 429 20 MCTS 71 4 RAVE
500 2 RED RED 317 4 MCTS 183 20 RAVE
500 2 RED RED 394 8 MCTS 106 16 RAVE
500 2 RED RED 431 8 MCTS 69 40 RAVE
500 2 RED RED 443 16 MCTS 57 32 RAVE
500 2 RED RED 389 32 MCTS 111 16 RAVE
500 2 RED RED 414 16 MCTS 86 16 RAVE
500 2 RED RED 355 40 MCTS 145 8 RAVE
500 2 RED RED 431 32 MCTS 69 32 RAVE
500 2 RED RED 442 16 MCTS 58 80 RAVE
500 2 RED RED 439 32 MCTS 61 64 RAVE
500 2 RED RED 384 80 MCTS 116 16 RAVE
500 2 RED RED 414 64 MCTS 86 32 RAVE
500 2 RED RED 436 64 MCTS 64 128 RAVE
500 2 RED RED 427 32 MCTS 73 160 RAVE
500 2 RED RED 405 128 MCTS 95 64 RAVE
500 2 RED RED 429 64 MCTS 71 64 RAVE
500 2 RED RED 394 160 MCTS 106 32 RAVE
500 2 RED RED 433 64 MCTS 67 320 RAVE
500 2 RED RED 424 128 MCTS 76 128 RAVE
500 2 RED RED 391 320 MCTS 109 64 RAVE
500 2 RED RED 384 256 MCTS 116 128 RAVE
500 2 RED RED 414 128 MCTS 86 256 RAVE
500 2 RED RED 417 128 MCTS 83 640 RAVE
500 2 RED RED 400 256 MCTS 100 256 RAVE
500 2 RED RED 397 256 MCTS 103 512 RAVE
500 2 RED RED 394 640 MCTS 106 128 RAVE
500 2 RED RED 380 512 MCTS 120 256 RAVE
500 2 RED RED 390 256 MCTS 110 1280 RAVE
500 2 RED RED 358 1280 MCTS 142 256 RAVE
500 2 RED RED 393 512 MCTS 107 512 RAVE
500 2 RED RED 396 512 MCTS 104 1024 RAVE
500 2 RED RED 373 1024 MCTS 127 512 RAVE
500 2 RED RED 382 1024 MCTS 118 1024 RAVE
500 2 RED RED 388 512 MCTS 112 2560 RAVE
500 2 RED RED 360 1024 MCTS 140 2048 RAVE
500 2 RED RED 371 2560 MCTS 129 512 RAVE
500 2 RED RED 374 2048 MCTS 126 1024 RAVE
500 2 RED RED 368 2048 MCTS 132 2048 RAVE
500 2 RED RED 377 1024 MCTS 123 5120 RAVE
500 2 RED RED 372 2048 MCTS 128 4096 RAVE
500 2 RED RED 364 5120 MCTS 136 1024 RAVE
500 2 RED RED 379 4096 MCTS 121 2048 RAVE
500 2 RED RED 376 4096 MCTS 124 4096 RAVE
500 2 RED RED 393 2048 MCTS 107 10240 RAVE
500 2 RED RED 377 4096 MCTS 123 8192 RAVE
500 2 RED RED 359 10240 MCTS 141 2048 RAVE
500 2 RED RED 364 8192 MCTS 136 4096 RAVE
500 2 RED RED 380 8192 MCTS 120 8192 RAVE
500 2 RED RED 386 4096 MCTS 114 20480 RAVE
500 2 RED RED 376 8192 MCTS 124 16384 RAVE
500 2 RED RED 372 20480 MCTS 128 4096 RAVE
500 2 RED RED 376 16384 MCTS 124 8192 RAVE
500 2 RED RED 371 16384 MCTS 129 16384 RAVE
500 2 RED RED 366 8192 MCTS 134 40960 RAVE
500 2 RED RED 364 16384 MCTS 136 32768 RAVE
500 2 RED RED 391 40960 MCTS 109 8192 RAVE
500 2 RED RED 362 32768 MCTS 138 16384 RAVE
500 2 RED RED 397 32768 MCTS 103 32768 RAVE
500 2 RED RED 372 16384 MCTS 128 81920 RAVE
500 2 RED RED 379 32768 MCTS 121 65536 RAVE
500 2 RED RED 365 81920 MCTS 135 16384 RAVE
500 2 RED RED 378 65536 MCTS 122 32768 RAVE
500 2 RED RED 372 32768 MCTS 128 163840 RAVE
500 2 RED RED 374 163840 MCTS 126 32768 RAVE
